{"/Users/mj/handoc/packages/document-model/src/constants.ts": {"path":"/Users/mj/handoc/packages/document-model/src/constants.ts","statementMap":{"0":{"start":{"line":2,"column":18},"end":{"line":9,"column":null}},"1":{"start":{"line":12,"column":35},"end":{"line":16,"column":null}},"2":{"start":{"line":19,"column":34},"end":{"line":22,"column":null}},"3":{"start":{"line":25,"column":32},"end":{"line":25,"column":null}},"4":{"start":{"line":28,"column":27},"end":{"line":28,"column":null}},"5":{"start":{"line":29,"column":28},"end":{"line":29,"column":null}},"6":{"start":{"line":32,"column":30},"end":{"line":32,"column":null}}},"fnMap":{},"branchMap":{},"s":{"0":1,"1":1,"2":1,"3":1,"4":1,"5":1,"6":1},"f":{},"b":{},"meta":{"lastBranch":0,"lastFunction":0,"lastStatement":7,"seen":{"s:2:18:9:Infinity":0,"s:12:35:16:Infinity":1,"s:19:34:22:Infinity":2,"s:25:32:25:Infinity":3,"s:28:27:28:Infinity":4,"s:29:28:29:Infinity":5,"s:32:30:32:Infinity":6}}}
,"/Users/mj/handoc/packages/document-model/src/utils.ts": {"path":"/Users/mj/handoc/packages/document-model/src/utils.ts","statementMap":{"0":{"start":{"line":3,"column":20},"end":{"line":3,"column":null}},"1":{"start":{"line":4,"column":20},"end":{"line":4,"column":null}},"2":{"start":{"line":8,"column":2},"end":{"line":8,"column":null}},"3":{"start":{"line":13,"column":2},"end":{"line":13,"column":null}},"4":{"start":{"line":18,"column":2},"end":{"line":18,"column":null}},"5":{"start":{"line":23,"column":2},"end":{"line":23,"column":null}}},"fnMap":{"0":{"name":"hwpUnitToMm","decl":{"start":{"line":7,"column":16},"end":{"line":7,"column":28}},"loc":{"start":{"line":7,"column":48},"end":{"line":9,"column":null}},"line":7},"1":{"name":"mmToHwpUnit","decl":{"start":{"line":12,"column":16},"end":{"line":12,"column":28}},"loc":{"start":{"line":12,"column":48},"end":{"line":14,"column":null}},"line":12},"2":{"name":"hwpUnitToPt","decl":{"start":{"line":17,"column":16},"end":{"line":17,"column":28}},"loc":{"start":{"line":17,"column":48},"end":{"line":19,"column":null}},"line":17},"3":{"name":"fontHeightToPt","decl":{"start":{"line":22,"column":16},"end":{"line":22,"column":31}},"loc":{"start":{"line":22,"column":55},"end":{"line":24,"column":null}},"line":22}},"branchMap":{},"s":{"0":1,"1":1,"2":4,"3":2,"4":1,"5":2},"f":{"0":4,"1":2,"2":1,"3":2},"b":{},"meta":{"lastBranch":0,"lastFunction":4,"lastStatement":6,"seen":{"s:3:20:3:Infinity":0,"s:4:20:4:Infinity":1,"f:7:16:7:28":0,"s:8:2:8:Infinity":2,"f:12:16:12:28":1,"s:13:2:13:Infinity":3,"f:17:16:17:28":2,"s:18:2:18:Infinity":4,"f:22:16:22:31":3,"s:23:2:23:Infinity":5}}}
}
