{"/Users/mj/handoc/packages/hwpx-core/src/manifest.ts": {"path":"/Users/mj/handoc/packages/hwpx-core/src/manifest.ts","statementMap":{"0":{"start":{"line":16,"column":44},"end":{"line":16,"column":null}},"1":{"start":{"line":18,"column":20},"end":{"line":18,"column":null}},"2":{"start":{"line":19,"column":2},"end":{"line":19,"column":null}},"3":{"start":{"line":19,"column":17},"end":{"line":19,"column":null}},"4":{"start":{"line":21,"column":21},"end":{"line":21,"column":null}},"5":{"start":{"line":22,"column":2},"end":{"line":22,"column":null}},"6":{"start":{"line":22,"column":35},"end":{"line":22,"column":null}},"7":{"start":{"line":24,"column":23},"end":{"line":24,"column":null}},"8":{"start":{"line":25,"column":2},"end":{"line":25,"column":null}},"9":{"start":{"line":25,"column":39},"end":{"line":25,"column":null}},"10":{"start":{"line":27,"column":32},"end":{"line":27,"column":null}},"11":{"start":{"line":28,"column":17},"end":{"line":28,"column":null}},"12":{"start":{"line":30,"column":2},"end":{"line":36,"column":null}},"13":{"start":{"line":31,"column":18},"end":{"line":31,"column":null}},"14":{"start":{"line":32,"column":15},"end":{"line":32,"column":null}},"15":{"start":{"line":33,"column":17},"end":{"line":33,"column":null}},"16":{"start":{"line":34,"column":22},"end":{"line":34,"column":null}},"17":{"start":{"line":35,"column":4},"end":{"line":35,"column":null}},"18":{"start":{"line":38,"column":26},"end":{"line":38,"column":null}},"19":{"start":{"line":39,"column":18},"end":{"line":39,"column":null}},"20":{"start":{"line":40,"column":2},"end":{"line":43,"column":null}},"21":{"start":{"line":41,"column":18},"end":{"line":41,"column":null}},"22":{"start":{"line":42,"column":4},"end":{"line":42,"column":null}},"23":{"start":{"line":42,"column":15},"end":{"line":42,"column":null}},"24":{"start":{"line":45,"column":2},"end":{"line":45,"column":null}}},"fnMap":{"0":{"name":"parseManifest","decl":{"start":{"line":15,"column":16},"end":{"line":15,"column":30}},"loc":{"start":{"line":15,"column":56},"end":{"line":46,"column":null}},"line":15}},"branchMap":{"0":{"loc":{"start":{"line":19,"column":2},"end":{"line":19,"column":null}},"type":"if","locations":[{"start":{"line":19,"column":2},"end":{"line":19,"column":null}},{"start":{},"end":{}}],"line":19},"1":{"loc":{"start":{"line":22,"column":2},"end":{"line":22,"column":null}},"type":"if","locations":[{"start":{"line":22,"column":2},"end":{"line":22,"column":null}},{"start":{},"end":{}}],"line":22},"2":{"loc":{"start":{"line":22,"column":6},"end":{"line":22,"column":35}},"type":"binary-expr","locations":[{"start":{"line":22,"column":6},"end":{"line":22,"column":20}},{"start":{"line":22,"column":20},"end":{"line":22,"column":35}}],"line":22},"3":{"loc":{"start":{"line":25,"column":2},"end":{"line":25,"column":null}},"type":"if","locations":[{"start":{"line":25,"column":2},"end":{"line":25,"column":null}},{"start":{},"end":{}}],"line":25},"4":{"loc":{"start":{"line":25,"column":6},"end":{"line":25,"column":39}},"type":"binary-expr","locations":[{"start":{"line":25,"column":6},"end":{"line":25,"column":22}},{"start":{"line":25,"column":22},"end":{"line":25,"column":39}}],"line":25},"5":{"loc":{"start":{"line":32,"column":15},"end":{"line":32,"column":null}},"type":"binary-expr","locations":[{"start":{"line":32,"column":15},"end":{"line":32,"column":51}},{"start":{"line":32,"column":51},"end":{"line":32,"column":null}}],"line":32},"6":{"loc":{"start":{"line":33,"column":17},"end":{"line":33,"column":null}},"type":"binary-expr","locations":[{"start":{"line":33,"column":17},"end":{"line":33,"column":55}},{"start":{"line":33,"column":55},"end":{"line":33,"column":null}}],"line":33},"7":{"loc":{"start":{"line":34,"column":22},"end":{"line":34,"column":null}},"type":"binary-expr","locations":[{"start":{"line":34,"column":22},"end":{"line":34,"column":66}},{"start":{"line":34,"column":66},"end":{"line":34,"column":null}}],"line":34},"8":{"loc":{"start":{"line":42,"column":4},"end":{"line":42,"column":null}},"type":"if","locations":[{"start":{"line":42,"column":4},"end":{"line":42,"column":null}},{"start":{},"end":{}}],"line":42}},"s":{"0":14,"1":14,"2":14,"3":14,"4":14,"5":14,"6":0,"7":14,"8":14,"9":14,"10":14,"11":14,"12":14,"13":42,"14":42,"15":42,"16":42,"17":42,"18":14,"19":14,"20":14,"21":28,"22":28,"23":28,"24":14},"f":{"0":14},"b":{"0":[14,0],"1":[0,14],"2":[14,0],"3":[14,0],"4":[14,14],"5":[42,0],"6":[42,0],"7":[42,0],"8":[28,0]},"meta":{"lastBranch":9,"lastFunction":1,"lastStatement":25,"seen":{"f:15:16:15:30":0,"s:16:44:16:Infinity":0,"s:18:20:18:Infinity":1,"b:19:2:19:Infinity:undefined:undefined:undefined:undefined":0,"s:19:2:19:Infinity":2,"s:19:17:19:Infinity":3,"s:21:21:21:Infinity":4,"b:22:2:22:Infinity:undefined:undefined:undefined:undefined":1,"s:22:2:22:Infinity":5,"b:22:6:22:20:22:20:22:35":2,"s:22:35:22:Infinity":6,"s:24:23:24:Infinity":7,"b:25:2:25:Infinity:undefined:undefined:undefined:undefined":3,"s:25:2:25:Infinity":8,"b:25:6:25:22:25:22:25:39":4,"s:25:39:25:Infinity":9,"s:27:32:27:Infinity":10,"s:28:17:28:Infinity":11,"s:30:2:36:Infinity":12,"s:31:18:31:Infinity":13,"s:32:15:32:Infinity":14,"b:32:15:32:51:32:51:32:Infinity":5,"s:33:17:33:Infinity":15,"b:33:17:33:55:33:55:33:Infinity":6,"s:34:22:34:Infinity":16,"b:34:22:34:66:34:66:34:Infinity":7,"s:35:4:35:Infinity":17,"s:38:26:38:Infinity":18,"s:39:18:39:Infinity":19,"s:40:2:43:Infinity":20,"s:41:18:41:Infinity":21,"b:42:4:42:Infinity:undefined:undefined:undefined:undefined":8,"s:42:4:42:Infinity":22,"s:42:15:42:Infinity":23,"s:45:2:45:Infinity":24}}}
,"/Users/mj/handoc/packages/hwpx-core/src/opc-package.ts": {"path":"/Users/mj/handoc/packages/hwpx-core/src/opc-package.ts","statementMap":{"0":{"start":{"line":4,"column":20},"end":{"line":4,"column":null}},"1":{"start":{"line":5,"column":16},"end":{"line":5,"column":null}},"2":{"start":{"line":6,"column":16},"end":{"line":6,"column":null}},"3":{"start":{"line":10,"column":2},"end":{"line":10,"column":null}},"4":{"start":{"line":13,"column":4},"end":{"line":13,"column":null}},"5":{"start":{"line":18,"column":4},"end":{"line":22,"column":null}},"6":{"start":{"line":19,"column":6},"end":{"line":19,"column":null}},"7":{"start":{"line":21,"column":6},"end":{"line":21,"column":null}},"8":{"start":{"line":23,"column":18},"end":{"line":23,"column":null}},"9":{"start":{"line":24,"column":4},"end":{"line":26,"column":null}},"10":{"start":{"line":25,"column":6},"end":{"line":25,"column":null}},"11":{"start":{"line":27,"column":16},"end":{"line":27,"column":null}},"12":{"start":{"line":28,"column":4},"end":{"line":30,"column":null}},"13":{"start":{"line":29,"column":6},"end":{"line":29,"column":null}},"14":{"start":{"line":31,"column":4},"end":{"line":31,"column":null}},"15":{"start":{"line":35,"column":4},"end":{"line":35,"column":null}},"16":{"start":{"line":39,"column":4},"end":{"line":39,"column":null}},"17":{"start":{"line":43,"column":17},"end":{"line":43,"column":null}},"18":{"start":{"line":44,"column":4},"end":{"line":44,"column":null}},"19":{"start":{"line":44,"column":15},"end":{"line":44,"column":null}},"20":{"start":{"line":45,"column":4},"end":{"line":45,"column":null}},"21":{"start":{"line":49,"column":4},"end":{"line":49,"column":null}},"22":{"start":{"line":53,"column":4},"end":{"line":53,"column":null}},"23":{"start":{"line":54,"column":4},"end":{"line":56,"column":null}},"24":{"start":{"line":55,"column":6},"end":{"line":55,"column":null}},"25":{"start":{"line":60,"column":4},"end":{"line":60,"column":null}},"26":{"start":{"line":64,"column":45},"end":{"line":64,"column":null}},"27":{"start":{"line":65,"column":4},"end":{"line":67,"column":null}},"28":{"start":{"line":66,"column":6},"end":{"line":66,"column":null}},"29":{"start":{"line":68,"column":4},"end":{"line":68,"column":null}},"30":{"start":{"line":72,"column":4},"end":{"line":72,"column":null}},"31":{"start":{"line":72,"column":24},"end":{"line":72,"column":null}},"32":{"start":{"line":73,"column":4},"end":{"line":73,"column":null}},"33":{"start":{"line":77,"column":14},"end":{"line":77,"column":null}},"34":{"start":{"line":78,"column":22},"end":{"line":78,"column":null}},"35":{"start":{"line":79,"column":4},"end":{"line":83,"column":null}},"36":{"start":{"line":80,"column":6},"end":{"line":82,"column":null}},"37":{"start":{"line":81,"column":8},"end":{"line":81,"column":null}},"38":{"start":{"line":84,"column":4},"end":{"line":90,"column":null}},"39":{"start":{"line":85,"column":25},"end":{"line":85,"column":46}},"40":{"start":{"line":87,"column":21},"end":{"line":87,"column":null}},"41":{"start":{"line":87,"column":41},"end":{"line":87,"column":55}},"42":{"start":{"line":88,"column":8},"end":{"line":88,"column":null}},"43":{"start":{"line":94,"column":14},"end":{"line":94,"column":null}},"44":{"start":{"line":95,"column":4},"end":{"line":97,"column":null}},"45":{"start":{"line":96,"column":24},"end":{"line":96,"column":66}},"46":{"start":{"line":97,"column":21},"end":{"line":97,"column":30}},"47":{"start":{"line":101,"column":4},"end":{"line":101,"column":null}}},"fnMap":{"0":{"name":"(anonymous_0)","decl":{"start":{"line":12,"column":10},"end":{"line":12,"column":22}},"loc":{"start":{"line":12,"column":54},"end":{"line":14,"column":null}},"line":12},"1":{"name":"(anonymous_1)","decl":{"start":{"line":16,"column":15},"end":{"line":16,"column":20}},"loc":{"start":{"line":16,"column":60},"end":{"line":32,"column":null}},"line":16},"2":{"name":"(anonymous_2)","decl":{"start":{"line":34,"column":2},"end":{"line":34,"column":24}},"loc":{"start":{"line":34,"column":24},"end":{"line":36,"column":null}},"line":34},"3":{"name":"(anonymous_3)","decl":{"start":{"line":38,"column":2},"end":{"line":38,"column":10}},"loc":{"start":{"line":38,"column":33},"end":{"line":40,"column":null}},"line":38},"4":{"name":"(anonymous_4)","decl":{"start":{"line":42,"column":2},"end":{"line":42,"column":10}},"loc":{"start":{"line":42,"column":36},"end":{"line":46,"column":null}},"line":42},"5":{"name":"(anonymous_5)","decl":{"start":{"line":48,"column":2},"end":{"line":48,"column":16}},"loc":{"start":{"line":48,"column":38},"end":{"line":50,"column":null}},"line":48},"6":{"name":"(anonymous_6)","decl":{"start":{"line":52,"column":2},"end":{"line":52,"column":10}},"loc":{"start":{"line":52,"column":57},"end":{"line":57,"column":null}},"line":52},"7":{"name":"(anonymous_7)","decl":{"start":{"line":59,"column":2},"end":{"line":59,"column":13}},"loc":{"start":{"line":59,"column":33},"end":{"line":61,"column":null}},"line":59},"8":{"name":"(anonymous_8)","decl":{"start":{"line":63,"column":8},"end":{"line":63,"column":36}},"loc":{"start":{"line":63,"column":36},"end":{"line":69,"column":null}},"line":63},"9":{"name":"(anonymous_9)","decl":{"start":{"line":71,"column":10},"end":{"line":71,"column":40}},"loc":{"start":{"line":71,"column":40},"end":{"line":74,"column":null}},"line":71},"10":{"name":"(anonymous_10)","decl":{"start":{"line":76,"column":2},"end":{"line":76,"column":30}},"loc":{"start":{"line":76,"column":30},"end":{"line":91,"column":null}},"line":76},"11":{"name":"(anonymous_11)","decl":{"start":{"line":85,"column":14},"end":{"line":85,"column":15}},"loc":{"start":{"line":85,"column":25},"end":{"line":85,"column":46}},"line":85},"12":{"name":"(anonymous_12)","decl":{"start":{"line":86,"column":11},"end":{"line":86,"column":12}},"loc":{"start":{"line":86,"column":22},"end":{"line":89,"column":7}},"line":86},"13":{"name":"(anonymous_13)","decl":{"start":{"line":87,"column":34},"end":{"line":87,"column":35}},"loc":{"start":{"line":87,"column":41},"end":{"line":87,"column":55}},"line":87},"14":{"name":"(anonymous_14)","decl":{"start":{"line":93,"column":2},"end":{"line":93,"column":29}},"loc":{"start":{"line":93,"column":29},"end":{"line":98,"column":null}},"line":93},"15":{"name":"(anonymous_15)","decl":{"start":{"line":96,"column":14},"end":{"line":96,"column":15}},"loc":{"start":{"line":96,"column":24},"end":{"line":96,"column":66}},"line":96},"16":{"name":"(anonymous_16)","decl":{"start":{"line":97,"column":11},"end":{"line":97,"column":12}},"loc":{"start":{"line":97,"column":21},"end":{"line":97,"column":30}},"line":97},"17":{"name":"(anonymous_17)","decl":{"start":{"line":100,"column":2},"end":{"line":100,"column":73}},"loc":{"start":{"line":100,"column":73},"end":{"line":102,"column":null}},"line":100}},"branchMap":{"0":{"loc":{"start":{"line":28,"column":4},"end":{"line":30,"column":null}},"type":"if","locations":[{"start":{"line":28,"column":4},"end":{"line":30,"column":null}},{"start":{},"end":{}}],"line":28},"1":{"loc":{"start":{"line":44,"column":4},"end":{"line":44,"column":null}},"type":"if","locations":[{"start":{"line":44,"column":4},"end":{"line":44,"column":null}},{"start":{},"end":{}}],"line":44},"2":{"loc":{"start":{"line":53,"column":25},"end":{"line":53,"column":79}},"type":"cond-expr","locations":[{"start":{"line":53,"column":52},"end":{"line":53,"column":75}},{"start":{"line":53,"column":75},"end":{"line":53,"column":79}}],"line":53},"3":{"loc":{"start":{"line":54,"column":4},"end":{"line":56,"column":null}},"type":"if","locations":[{"start":{"line":54,"column":4},"end":{"line":56,"column":null}},{"start":{},"end":{}}],"line":54},"4":{"loc":{"start":{"line":72,"column":4},"end":{"line":72,"column":null}},"type":"if","locations":[{"start":{"line":72,"column":4},"end":{"line":72,"column":null}},{"start":{},"end":{}}],"line":72},"5":{"loc":{"start":{"line":80,"column":6},"end":{"line":82,"column":null}},"type":"if","locations":[{"start":{"line":80,"column":6},"end":{"line":82,"column":null}},{"start":{},"end":{}}],"line":80},"6":{"loc":{"start":{"line":88,"column":15},"end":{"line":88,"column":null}},"type":"binary-expr","locations":[{"start":{"line":88,"column":15},"end":{"line":88,"column":29}},{"start":{"line":88,"column":29},"end":{"line":88,"column":null}}],"line":88}},"s":{"0":2,"1":2,"2":2,"3":13,"4":13,"5":14,"6":14,"7":1,"8":13,"9":13,"10":143,"11":13,"12":13,"13":13,"14":13,"15":8,"16":18,"17":15,"18":15,"19":0,"20":15,"21":15,"22":0,"23":0,"24":0,"25":0,"26":1,"27":1,"28":11,"29":1,"30":3,"31":0,"32":3,"33":1,"34":1,"35":1,"36":3,"37":1,"38":1,"39":2,"40":1,"41":2,"42":1,"43":1,"44":1,"45":3,"46":1,"47":1},"f":{"0":13,"1":2,"2":8,"3":18,"4":15,"5":15,"6":0,"7":0,"8":1,"9":3,"10":1,"11":2,"12":1,"13":2,"14":1,"15":3,"16":1,"17":1},"b":{"0":[13,0],"1":[0,15],"2":[0,0],"3":[0,0],"4":[0,3],"5":[1,2],"6":[1,0]},"meta":{"lastBranch":7,"lastFunction":18,"lastStatement":48,"seen":{"s:4:20:4:Infinity":0,"s:5:16:5:Infinity":1,"s:6:16:6:Infinity":2,"f:12:10:12:22":0,"s:10:2:10:Infinity":3,"s:13:4:13:Infinity":4,"f:16:15:16:20":1,"s:18:4:22:Infinity":5,"s:19:6:19:Infinity":6,"s:21:6:21:Infinity":7,"s:23:18:23:Infinity":8,"s:24:4:26:Infinity":9,"s:25:6:25:Infinity":10,"s:27:16:27:Infinity":11,"b:28:4:30:Infinity:undefined:undefined:undefined:undefined":0,"s:28:4:30:Infinity":12,"s:29:6:29:Infinity":13,"s:31:4:31:Infinity":14,"f:34:2:34:24":2,"s:35:4:35:Infinity":15,"f:38:2:38:10":3,"s:39:4:39:Infinity":16,"f:42:2:42:10":4,"s:43:17:43:Infinity":17,"b:44:4:44:Infinity:undefined:undefined:undefined:undefined":1,"s:44:4:44:Infinity":18,"s:44:15:44:Infinity":19,"s:45:4:45:Infinity":20,"f:48:2:48:16":5,"s:49:4:49:Infinity":21,"f:52:2:52:10":6,"s:53:4:53:Infinity":22,"b:53:52:53:75:53:75:53:79":2,"b:54:4:56:Infinity:undefined:undefined:undefined:undefined":3,"s:54:4:56:Infinity":23,"s:55:6:55:Infinity":24,"f:59:2:59:13":7,"s:60:4:60:Infinity":25,"f:63:8:63:36":8,"s:64:45:64:Infinity":26,"s:65:4:67:Infinity":27,"s:66:6:66:Infinity":28,"s:68:4:68:Infinity":29,"f:71:10:71:40":9,"b:72:4:72:Infinity:undefined:undefined:undefined:undefined":4,"s:72:4:72:Infinity":30,"s:72:24:72:Infinity":31,"s:73:4:73:Infinity":32,"f:76:2:76:30":10,"s:77:14:77:Infinity":33,"s:78:22:78:Infinity":34,"s:79:4:83:Infinity":35,"b:80:6:82:Infinity:undefined:undefined:undefined:undefined":5,"s:80:6:82:Infinity":36,"s:81:8:81:Infinity":37,"s:84:4:90:Infinity":38,"f:85:14:85:15":11,"s:85:25:85:46":39,"f:86:11:86:12":12,"s:87:21:87:Infinity":40,"f:87:34:87:35":13,"s:87:41:87:55":41,"s:88:8:88:Infinity":42,"b:88:15:88:29:88:29:88:Infinity":6,"f:93:2:93:29":14,"s:94:14:94:Infinity":43,"s:95:4:97:Infinity":44,"f:96:14:96:15":15,"s:96:24:96:66":45,"f:97:11:97:12":16,"s:97:21:97:30":46,"f:100:2:100:73":17,"s:101:4:101:Infinity":47}}}
}
