<?xml version="1.0" encoding="UTF-8"?>
<coverage generated="1771589858096" clover="3.2.0">
  <project timestamp="1771589858096" name="All files">
    <metrics statements="207" coveredstatements="186" conditionals="186" coveredconditionals="116" methods="34" coveredmethods="33" elements="427" coveredelements="335" complexity="0" loc="207" ncloc="207" packages="1" files="5" classes="5"/>
    <file name="header-parser.ts" path="/Users/mj/handoc/packages/hwpx-parser/src/header-parser.ts">
      <metrics statements="93" coveredstatements="84" conditionals="80" coveredconditionals="47" methods="16" coveredmethods="16"/>
      <line num="69" count="8" type="stmt"/>
      <line num="70" count="8" type="stmt"/>
      <line num="72" count="8" type="cond" truecount="1" falsecount="1"/>
      <line num="73" count="8" type="stmt"/>
      <line num="74" count="8" type="stmt"/>
      <line num="76" count="8" type="cond" truecount="1" falsecount="1"/>
      <line num="77" count="8" type="stmt"/>
      <line num="79" count="8" type="stmt"/>
      <line num="85" count="8" type="stmt"/>
      <line num="86" count="16" type="cond" truecount="2" falsecount="0"/>
      <line num="87" count="8" type="cond" truecount="2" falsecount="2"/>
      <line num="88" count="8" type="stmt"/>
      <line num="91" count="0" type="stmt"/>
      <line num="92" count="0" type="cond" truecount="0" falsecount="2"/>
      <line num="94" count="0" type="stmt"/>
      <line num="98" count="40" type="stmt"/>
      <line num="99" count="104" type="cond" truecount="1" falsecount="1"/>
      <line num="100" count="104" type="cond" truecount="1" falsecount="1"/>
      <line num="101" count="104" type="cond" truecount="2" falsecount="0"/>
      <line num="102" count="40" type="stmt"/>
      <line num="103" count="40" type="cond" truecount="1" falsecount="1"/>
      <line num="106" count="0" type="stmt"/>
      <line num="110" count="112" type="stmt"/>
      <line num="111" count="168" type="cond" truecount="1" falsecount="1"/>
      <line num="112" count="168" type="cond" truecount="1" falsecount="1"/>
      <line num="113" count="168" type="cond" truecount="2" falsecount="0"/>
      <line num="114" count="112" type="stmt"/>
      <line num="115" count="112" type="cond" truecount="2" falsecount="0"/>
      <line num="116" count="16" type="cond" truecount="3" falsecount="1"/>
      <line num="119" count="0" type="stmt"/>
      <line num="123" count="8" type="cond" truecount="1" falsecount="1"/>
      <line num="124" count="8" type="stmt"/>
      <line num="135" count="8" type="cond" truecount="1" falsecount="1"/>
      <line num="136" count="8" type="stmt"/>
      <line num="137" count="8" type="stmt"/>
      <line num="138" count="8" type="cond" truecount="1" falsecount="1"/>
      <line num="139" count="8" type="cond" truecount="1" falsecount="1"/>
      <line num="141" count="8" type="stmt"/>
      <line num="143" count="8" type="stmt"/>
      <line num="144" count="8" type="stmt"/>
      <line num="145" count="56" type="cond" truecount="1" falsecount="1"/>
      <line num="146" count="56" type="cond" truecount="1" falsecount="1"/>
      <line num="147" count="56" type="cond" truecount="1" falsecount="1"/>
      <line num="148" count="0" type="cond" truecount="0" falsecount="2"/>
      <line num="149" count="0" type="stmt"/>
      <line num="154" count="8" type="stmt"/>
      <line num="158" count="8" type="stmt"/>
      <line num="159" count="8" type="stmt"/>
      <line num="160" count="8" type="stmt"/>
      <line num="161" count="56" type="cond" truecount="1" falsecount="1"/>
      <line num="162" count="112" type="stmt"/>
      <line num="168" count="56" type="stmt"/>
      <line num="170" count="8" type="stmt"/>
      <line num="174" count="8" type="stmt"/>
      <line num="175" count="8" type="stmt"/>
      <line num="176" count="8" type="stmt"/>
      <line num="177" count="8" type="stmt"/>
      <line num="178" count="56" type="stmt"/>
      <line num="179" count="56" type="stmt"/>
      <line num="180" count="56" type="stmt"/>
      <line num="181" count="56" type="stmt"/>
      <line num="184" count="8" type="stmt"/>
      <line num="188" count="8" type="stmt"/>
      <line num="189" count="8" type="stmt"/>
      <line num="190" count="8" type="stmt"/>
      <line num="191" count="8" type="stmt"/>
      <line num="192" count="160" type="stmt"/>
      <line num="193" count="160" type="stmt"/>
      <line num="194" count="160" type="stmt"/>
      <line num="197" count="8" type="stmt"/>
      <line num="201" count="8" type="stmt"/>
      <line num="202" count="8" type="stmt"/>
      <line num="203" count="184" type="stmt"/>
      <line num="204" count="184" type="stmt"/>
      <line num="218" count="18" type="stmt"/>
      <line num="222" count="4496" type="stmt"/>
      <line num="223" count="4496" type="stmt"/>
      <line num="224" count="16754" type="cond" truecount="4" falsecount="0"/>
      <line num="225" count="4238" type="cond" truecount="1" falsecount="1"/>
      <line num="226" count="16754" type="stmt"/>
      <line num="227" count="16754" type="cond" truecount="2" falsecount="0"/>
      <line num="228" count="16754" type="stmt"/>
      <line num="229" count="4262" type="stmt"/>
      <line num="232" count="4496" type="stmt"/>
      <line num="236" count="4280" type="cond" truecount="3" falsecount="1"/>
      <line num="237" count="0" type="stmt"/>
      <line num="239" count="4280" type="cond" truecount="1" falsecount="1"/>
      <line num="240" count="0" type="stmt"/>
      <line num="242" count="4280" type="stmt"/>
      <line num="243" count="4280" type="stmt"/>
      <line num="244" count="4280" type="cond" truecount="1" falsecount="1"/>
      <line num="245" count="4280" type="stmt"/>
      <line num="246" count="4280" type="stmt"/>
    </file>
    <file name="index.ts" path="/Users/mj/handoc/packages/hwpx-parser/src/index.ts">
      <metrics statements="1" coveredstatements="1" conditionals="0" coveredconditionals="0" methods="0" coveredmethods="0"/>
      <line num="13" count="1" type="stmt"/>
    </file>
    <file name="paragraph-parser.ts" path="/Users/mj/handoc/packages/hwpx-parser/src/paragraph-parser.ts">
      <metrics statements="79" coveredstatements="69" conditionals="83" coveredconditionals="53" methods="5" coveredmethods="5"/>
      <line num="4" count="3" type="stmt"/>
      <line num="10" count="3" type="stmt"/>
      <line num="15" count="275" type="cond" truecount="1" falsecount="1"/>
      <line num="16" count="275" type="stmt"/>
      <line num="17" count="275" type="stmt"/>
      <line num="18" count="275" type="stmt"/>
      <line num="20" count="275" type="cond" truecount="3" falsecount="1"/>
      <line num="21" count="0" type="stmt"/>
      <line num="24" count="275" type="stmt"/>
      <line num="25" count="1355" type="cond" truecount="4" falsecount="0"/>
      <line num="26" count="242" type="stmt"/>
      <line num="27" count="242" type="cond" truecount="3" falsecount="1"/>
      <line num="28" count="242" type="cond" truecount="5" falsecount="0"/>
      <line num="30" count="9" type="stmt"/>
      <line num="31" count="9" type="stmt"/>
      <line num="33" count="233" type="cond" truecount="2" falsecount="0"/>
      <line num="34" count="11" type="stmt"/>
      <line num="35" count="33" type="cond" truecount="3" falsecount="1"/>
      <line num="36" count="33" type="stmt"/>
      <line num="38" count="0" type="cond" truecount="0" falsecount="2"/>
      <line num="41" count="222" type="cond" truecount="1" falsecount="1"/>
      <line num="42" count="222" type="stmt"/>
      <line num="46" count="275" type="stmt"/>
      <line num="50" count="43" type="stmt"/>
      <line num="52" count="43" type="cond" truecount="2" falsecount="0"/>
      <line num="54" count="24" type="stmt"/>
      <line num="55" count="24" type="cond" truecount="2" falsecount="2"/>
      <line num="56" count="24" type="stmt"/>
      <line num="57" count="0" type="cond" truecount="0" falsecount="5"/>
      <line num="58" count="0" type="stmt"/>
      <line num="61" count="24" type="stmt"/>
      <line num="62" count="24" type="stmt"/>
      <line num="65" count="19" type="cond" truecount="2" falsecount="0"/>
      <line num="66" count="8" type="cond" truecount="3" falsecount="1"/>
      <line num="67" count="8" type="stmt"/>
      <line num="68" count="8" type="stmt"/>
      <line num="71" count="11" type="cond" truecount="2" falsecount="0"/>
      <line num="72" count="8" type="cond" truecount="3" falsecount="1"/>
      <line num="73" count="8" type="stmt"/>
      <line num="74" count="8" type="stmt"/>
      <line num="77" count="3" type="cond" truecount="2" falsecount="0"/>
      <line num="78" count="2" type="cond" truecount="3" falsecount="1"/>
      <line num="79" count="2" type="stmt"/>
      <line num="80" count="2" type="stmt"/>
      <line num="83" count="1" type="cond" truecount="1" falsecount="1"/>
      <line num="84" count="1" type="cond" truecount="3" falsecount="1"/>
      <line num="85" count="1" type="stmt"/>
      <line num="86" count="1" type="stmt"/>
      <line num="89" count="0" type="cond" truecount="0" falsecount="2"/>
      <line num="90" count="0" type="stmt"/>
      <line num="91" count="0" type="stmt"/>
      <line num="95" count="0" type="cond" truecount="0" falsecount="4"/>
      <line num="96" count="43" type="stmt"/>
      <line num="97" count="43" type="stmt"/>
      <line num="101" count="36" type="stmt"/>
      <line num="102" count="36" type="cond" truecount="1" falsecount="1"/>
      <line num="103" count="36" type="stmt"/>
      <line num="105" count="36" type="stmt"/>
      <line num="106" count="79" type="cond" truecount="2" falsecount="0"/>
      <line num="108" count="43" type="stmt"/>
      <line num="111" count="43" type="cond" truecount="1" falsecount="1"/>
      <line num="112" count="0" type="stmt"/>
      <line num="113" count="0" type="stmt"/>
      <line num="116" count="43" type="stmt"/>
      <line num="120" count="36" type="stmt"/>
      <line num="124" count="7" type="stmt"/>
      <line num="125" count="7" type="stmt"/>
      <line num="139" count="23" type="stmt"/>
      <line num="140" count="23" type="stmt"/>
      <line num="141" count="23" type="stmt"/>
      <line num="144" count="23" type="stmt"/>
      <line num="145" count="23" type="stmt"/>
      <line num="146" count="30" type="stmt"/>
      <line num="150" count="23" type="stmt"/>
      <line num="151" count="23" type="stmt"/>
      <line num="152" count="7" type="stmt"/>
      <line num="153" count="7" type="stmt"/>
      <line num="154" count="7" type="stmt"/>
      <line num="158" count="23" type="stmt"/>
    </file>
    <file name="section-parser.ts" path="/Users/mj/handoc/packages/hwpx-parser/src/section-parser.ts">
      <metrics statements="13" coveredstatements="13" conditionals="2" coveredconditionals="1" methods="6" coveredmethods="6"/>
      <line num="6" count="7" type="stmt"/>
      <line num="7" count="7" type="stmt"/>
      <line num="10" count="7" type="stmt"/>
      <line num="11" count="7" type="cond" truecount="1" falsecount="1"/>
      <line num="13" count="7" type="stmt"/>
      <line num="14" count="7" type="stmt"/>
      <line num="15" count="23" type="stmt"/>
      <line num="18" count="7" type="stmt"/>
      <line num="22" count="5" type="stmt"/>
      <line num="23" count="15" type="stmt"/>
      <line num="25" count="20" type="stmt"/>
      <line num="26" count="25" type="stmt"/>
      <line num="27" count="14" type="stmt"/>
    </file>
    <file name="xml-utils.ts" path="/Users/mj/handoc/packages/hwpx-parser/src/xml-utils.ts">
      <metrics statements="21" coveredstatements="19" conditionals="21" coveredconditionals="15" methods="7" coveredmethods="6"/>
      <line num="3" count="4" type="stmt"/>
      <line num="5" count="4" type="stmt"/>
      <line num="14" count="15" type="stmt"/>
      <line num="19" count="568" type="stmt"/>
      <line num="20" count="568" type="cond" truecount="1" falsecount="1"/>
      <line num="25" count="5021" type="stmt"/>
      <line num="26" count="5021" type="stmt"/>
      <line num="27" count="20075" type="cond" truecount="2" falsecount="0"/>
      <line num="28" count="15522" type="stmt"/>
      <line num="31" count="5021" type="stmt"/>
      <line num="36" count="60" type="stmt"/>
      <line num="37" count="60" type="cond" truecount="4" falsecount="0"/>
      <line num="38" count="44" type="cond" truecount="2" falsecount="0"/>
      <line num="39" count="31" type="stmt"/>
      <line num="44" count="0" type="stmt"/>
      <line num="45" count="0" type="cond" truecount="0" falsecount="2"/>
      <line num="49" count="181" type="cond" truecount="1" falsecount="1"/>
      <line num="50" count="181" type="cond" truecount="2" falsecount="0"/>
      <line num="54" count="1239" type="cond" truecount="1" falsecount="1"/>
      <line num="55" count="1239" type="stmt"/>
      <line num="56" count="1239" type="cond" truecount="1" falsecount="1"/>
    </file>
  </project>
</coverage>
