{"/Users/mj/handoc/packages/hwpx-parser/src/header-parser.ts": {"path":"/Users/mj/handoc/packages/hwpx-parser/src/header-parser.ts","statementMap":{"0":{"start":{"line":69,"column":8},"end":{"line":69,"column":null}},"1":{"start":{"line":70,"column":15},"end":{"line":70,"column":null}},"2":{"start":{"line":72,"column":8},"end":{"line":72,"column":null}},"3":{"start":{"line":73,"column":8},"end":{"line":73,"column":null}},"4":{"start":{"line":74,"column":19},"end":{"line":74,"column":null}},"5":{"start":{"line":76,"column":22},"end":{"line":76,"column":null}},"6":{"start":{"line":77,"column":18},"end":{"line":77,"column":null}},"7":{"start":{"line":79,"column":2},"end":{"line":79,"column":null}},"8":{"start":{"line":85,"column":2},"end":{"line":90,"column":null}},"9":{"start":{"line":86,"column":4},"end":{"line":86,"column":null}},"10":{"start":{"line":86,"column":24},"end":{"line":86,"column":null}},"11":{"start":{"line":87,"column":4},"end":{"line":89,"column":null}},"12":{"start":{"line":88,"column":6},"end":{"line":88,"column":null}},"13":{"start":{"line":91,"column":2},"end":{"line":93,"column":null}},"14":{"start":{"line":92,"column":4},"end":{"line":92,"column":null}},"15":{"start":{"line":92,"column":24},"end":{"line":92,"column":null}},"16":{"start":{"line":94,"column":2},"end":{"line":94,"column":null}},"17":{"start":{"line":98,"column":2},"end":{"line":105,"column":null}},"18":{"start":{"line":99,"column":4},"end":{"line":99,"column":null}},"19":{"start":{"line":99,"column":30},"end":{"line":99,"column":null}},"20":{"start":{"line":100,"column":18},"end":{"line":100,"column":null}},"21":{"start":{"line":101,"column":4},"end":{"line":104,"column":null}},"22":{"start":{"line":102,"column":18},"end":{"line":102,"column":null}},"23":{"start":{"line":103,"column":6},"end":{"line":103,"column":null}},"24":{"start":{"line":106,"column":2},"end":{"line":106,"column":null}},"25":{"start":{"line":110,"column":2},"end":{"line":118,"column":null}},"26":{"start":{"line":111,"column":4},"end":{"line":111,"column":null}},"27":{"start":{"line":111,"column":30},"end":{"line":111,"column":null}},"28":{"start":{"line":112,"column":18},"end":{"line":112,"column":null}},"29":{"start":{"line":113,"column":4},"end":{"line":117,"column":null}},"30":{"start":{"line":114,"column":18},"end":{"line":114,"column":null}},"31":{"start":{"line":115,"column":6},"end":{"line":115,"column":null}},"32":{"start":{"line":115,"column":30},"end":{"line":115,"column":null}},"33":{"start":{"line":116,"column":6},"end":{"line":116,"column":null}},"34":{"start":{"line":116,"column":45},"end":{"line":116,"column":null}},"35":{"start":{"line":119,"column":2},"end":{"line":119,"column":null}},"36":{"start":{"line":123,"column":13},"end":{"line":123,"column":null}},"37":{"start":{"line":124,"column":2},"end":{"line":131,"column":null}},"38":{"start":{"line":135,"column":20},"end":{"line":135,"column":null}},"39":{"start":{"line":136,"column":25},"end":{"line":136,"column":null}},"40":{"start":{"line":137,"column":25},"end":{"line":137,"column":null}},"41":{"start":{"line":138,"column":17},"end":{"line":138,"column":null}},"42":{"start":{"line":139,"column":22},"end":{"line":139,"column":null}},"43":{"start":{"line":141,"column":20},"end":{"line":142,"column":null}},"44":{"start":{"line":143,"column":35},"end":{"line":143,"column":null}},"45":{"start":{"line":144,"column":2},"end":{"line":152,"column":null}},"46":{"start":{"line":145,"column":4},"end":{"line":145,"column":null}},"47":{"start":{"line":145,"column":30},"end":{"line":145,"column":null}},"48":{"start":{"line":146,"column":18},"end":{"line":146,"column":null}},"49":{"start":{"line":147,"column":4},"end":{"line":151,"column":null}},"50":{"start":{"line":148,"column":6},"end":{"line":150,"column":null}},"51":{"start":{"line":149,"column":8},"end":{"line":149,"column":null}},"52":{"start":{"line":154,"column":2},"end":{"line":154,"column":null}},"53":{"start":{"line":158,"column":33},"end":{"line":158,"column":null}},"54":{"start":{"line":159,"column":16},"end":{"line":159,"column":null}},"55":{"start":{"line":160,"column":2},"end":{"line":169,"column":null}},"56":{"start":{"line":161,"column":10},"end":{"line":161,"column":null}},"57":{"start":{"line":162,"column":18},"end":{"line":167,"column":null}},"58":{"start":{"line":162,"column":57},"end":{"line":167,"column":6}},"59":{"start":{"line":168,"column":4},"end":{"line":168,"column":null}},"60":{"start":{"line":170,"column":2},"end":{"line":170,"column":null}},"61":{"start":{"line":174,"column":33},"end":{"line":174,"column":null}},"62":{"start":{"line":175,"column":2},"end":{"line":183,"column":null}},"63":{"start":{"line":176,"column":18},"end":{"line":176,"column":null}},"64":{"start":{"line":177,"column":4},"end":{"line":182,"column":null}},"65":{"start":{"line":178,"column":12},"end":{"line":178,"column":null}},"66":{"start":{"line":179,"column":12},"end":{"line":179,"column":null}},"67":{"start":{"line":180,"column":12},"end":{"line":180,"column":null}},"68":{"start":{"line":181,"column":6},"end":{"line":181,"column":null}},"69":{"start":{"line":184,"column":2},"end":{"line":184,"column":null}},"70":{"start":{"line":188,"column":33},"end":{"line":188,"column":null}},"71":{"start":{"line":189,"column":2},"end":{"line":196,"column":null}},"72":{"start":{"line":190,"column":18},"end":{"line":190,"column":null}},"73":{"start":{"line":191,"column":4},"end":{"line":195,"column":null}},"74":{"start":{"line":192,"column":12},"end":{"line":192,"column":null}},"75":{"start":{"line":193,"column":12},"end":{"line":193,"column":null}},"76":{"start":{"line":194,"column":6},"end":{"line":194,"column":null}},"77":{"start":{"line":197,"column":2},"end":{"line":197,"column":null}},"78":{"start":{"line":201,"column":16},"end":{"line":201,"column":null}},"79":{"start":{"line":202,"column":2},"end":{"line":214,"column":null}},"80":{"start":{"line":203,"column":10},"end":{"line":203,"column":null}},"81":{"start":{"line":204,"column":4},"end":{"line":213,"column":null}},"82":{"start":{"line":218,"column":2},"end":{"line":218,"column":null}},"83":{"start":{"line":218,"column":54},"end":{"line":218,"column":88}},"84":{"start":{"line":222,"column":35},"end":{"line":222,"column":null}},"85":{"start":{"line":223,"column":2},"end":{"line":231,"column":null}},"86":{"start":{"line":224,"column":4},"end":{"line":224,"column":null}},"87":{"start":{"line":224,"column":49},"end":{"line":224,"column":null}},"88":{"start":{"line":225,"column":18},"end":{"line":225,"column":null}},"89":{"start":{"line":226,"column":16},"end":{"line":226,"column":null}},"90":{"start":{"line":227,"column":18},"end":{"line":227,"column":null}},"91":{"start":{"line":228,"column":4},"end":{"line":230,"column":null}},"92":{"start":{"line":229,"column":6},"end":{"line":229,"column":null}},"93":{"start":{"line":232,"column":2},"end":{"line":232,"column":null}},"94":{"start":{"line":236,"column":2},"end":{"line":238,"column":null}},"95":{"start":{"line":237,"column":4},"end":{"line":237,"column":null}},"96":{"start":{"line":239,"column":2},"end":{"line":241,"column":null}},"97":{"start":{"line":240,"column":4},"end":{"line":240,"column":null}},"98":{"start":{"line":242,"column":15},"end":{"line":242,"column":null}},"99":{"start":{"line":243,"column":8},"end":{"line":243,"column":null}},"100":{"start":{"line":244,"column":15},"end":{"line":244,"column":null}},"101":{"start":{"line":245,"column":19},"end":{"line":245,"column":null}},"102":{"start":{"line":246,"column":2},"end":{"line":246,"column":null}}},"fnMap":{"0":{"name":"parseHeader","decl":{"start":{"line":68,"column":16},"end":{"line":68,"column":28}},"loc":{"start":{"line":68,"column":57},"end":{"line":80,"column":null}},"line":68},"1":{"name":"findHead","decl":{"start":{"line":84,"column":9},"end":{"line":84,"column":18}},"loc":{"start":{"line":84,"column":73},"end":{"line":95,"column":null}},"line":84},"2":{"name":"findChild","decl":{"start":{"line":97,"column":9},"end":{"line":97,"column":19}},"loc":{"start":{"line":97,"column":105},"end":{"line":107,"column":null}},"line":97},"3":{"name":"findChildren","decl":{"start":{"line":109,"column":9},"end":{"line":109,"column":22}},"loc":{"start":{"line":109,"column":98},"end":{"line":120,"column":null}},"line":109},"4":{"name":"parseBeginNum","decl":{"start":{"line":122,"column":9},"end":{"line":122,"column":23}},"loc":{"start":{"line":122,"column":64},"end":{"line":132,"column":null}},"line":122},"5":{"name":"parseRefList","decl":{"start":{"line":134,"column":9},"end":{"line":134,"column":22}},"loc":{"start":{"line":134,"column":65},"end":{"line":155,"column":null}},"line":134},"6":{"name":"parseFontFaces","decl":{"start":{"line":157,"column":9},"end":{"line":157,"column":24}},"loc":{"start":{"line":157,"column":76},"end":{"line":171,"column":null}},"line":157},"7":{"name":"(anonymous_7)","decl":{"start":{"line":162,"column":49},"end":{"line":162,"column":50}},"loc":{"start":{"line":162,"column":57},"end":{"line":167,"column":6}},"line":162},"8":{"name":"parseCharProperties","decl":{"start":{"line":173,"column":9},"end":{"line":173,"column":29}},"loc":{"start":{"line":173,"column":84},"end":{"line":185,"column":null}},"line":173},"9":{"name":"parseParaProperties","decl":{"start":{"line":187,"column":9},"end":{"line":187,"column":29}},"loc":{"start":{"line":187,"column":84},"end":{"line":198,"column":null}},"line":187},"10":{"name":"parseStyles","decl":{"start":{"line":200,"column":9},"end":{"line":200,"column":21}},"loc":{"start":{"line":200,"column":71},"end":{"line":215,"column":null}},"line":200},"11":{"name":"(anonymous_11)","decl":{"start":{"line":202,"column":19},"end":{"line":202,"column":20}},"loc":{"start":{"line":202,"column":26},"end":{"line":214,"column":3}},"line":202},"12":{"name":"parseBorderFills","decl":{"start":{"line":217,"column":9},"end":{"line":217,"column":26}},"loc":{"start":{"line":217,"column":75},"end":{"line":219,"column":null}},"line":217},"13":{"name":"(anonymous_13)","decl":{"start":{"line":218,"column":46},"end":{"line":218,"column":47}},"loc":{"start":{"line":218,"column":54},"end":{"line":218,"column":88}},"line":218},"14":{"name":"childrenToGeneric","decl":{"start":{"line":221,"column":9},"end":{"line":221,"column":27}},"loc":{"start":{"line":221,"column":76},"end":{"line":233,"column":null}},"line":221},"15":{"name":"toGenericElement","decl":{"start":{"line":235,"column":9},"end":{"line":235,"column":26}},"loc":{"start":{"line":235,"column":71},"end":{"line":247,"column":null}},"line":235}},"branchMap":{"0":{"loc":{"start":{"line":72,"column":8},"end":{"line":72,"column":null}},"type":"binary-expr","locations":[{"start":{"line":72,"column":8},"end":{"line":72,"column":46}},{"start":{"line":72,"column":46},"end":{"line":72,"column":null}}],"line":72},"1":{"loc":{"start":{"line":76,"column":22},"end":{"line":76,"column":null}},"type":"binary-expr","locations":[{"start":{"line":76,"column":22},"end":{"line":76,"column":52}},{"start":{"line":76,"column":52},"end":{"line":76,"column":null}}],"line":76},"2":{"loc":{"start":{"line":86,"column":4},"end":{"line":86,"column":null}},"type":"if","locations":[{"start":{"line":86,"column":4},"end":{"line":86,"column":null}},{"start":{},"end":{}}],"line":86},"3":{"loc":{"start":{"line":87,"column":4},"end":{"line":89,"column":null}},"type":"if","locations":[{"start":{"line":87,"column":4},"end":{"line":89,"column":null}},{"start":{},"end":{}}],"line":87},"4":{"loc":{"start":{"line":87,"column":8},"end":{"line":87,"column":49}},"type":"binary-expr","locations":[{"start":{"line":87,"column":8},"end":{"line":87,"column":26}},{"start":{"line":87,"column":26},"end":{"line":87,"column":49}}],"line":87},"5":{"loc":{"start":{"line":92,"column":4},"end":{"line":92,"column":null}},"type":"if","locations":[{"start":{"line":92,"column":4},"end":{"line":92,"column":null}},{"start":{},"end":{}}],"line":92},"6":{"loc":{"start":{"line":99,"column":4},"end":{"line":99,"column":null}},"type":"if","locations":[{"start":{"line":99,"column":4},"end":{"line":99,"column":null}},{"start":{},"end":{}}],"line":99},"7":{"loc":{"start":{"line":100,"column":18},"end":{"line":100,"column":null}},"type":"cond-expr","locations":[{"start":{"line":100,"column":38},"end":{"line":100,"column":62}},{"start":{"line":100,"column":62},"end":{"line":100,"column":null}}],"line":100},"8":{"loc":{"start":{"line":101,"column":4},"end":{"line":104,"column":null}},"type":"if","locations":[{"start":{"line":101,"column":4},"end":{"line":104,"column":null}},{"start":{},"end":{}}],"line":101},"9":{"loc":{"start":{"line":103,"column":14},"end":{"line":103,"column":null}},"type":"cond-expr","locations":[{"start":{"line":103,"column":35},"end":{"line":103,"column":44}},{"start":{"line":103,"column":44},"end":{"line":103,"column":null}}],"line":103},"10":{"loc":{"start":{"line":111,"column":4},"end":{"line":111,"column":null}},"type":"if","locations":[{"start":{"line":111,"column":4},"end":{"line":111,"column":null}},{"start":{},"end":{}}],"line":111},"11":{"loc":{"start":{"line":112,"column":18},"end":{"line":112,"column":null}},"type":"cond-expr","locations":[{"start":{"line":112,"column":38},"end":{"line":112,"column":62}},{"start":{"line":112,"column":62},"end":{"line":112,"column":null}}],"line":112},"12":{"loc":{"start":{"line":113,"column":4},"end":{"line":117,"column":null}},"type":"if","locations":[{"start":{"line":113,"column":4},"end":{"line":117,"column":null}},{"start":{},"end":{}}],"line":113},"13":{"loc":{"start":{"line":115,"column":6},"end":{"line":115,"column":null}},"type":"if","locations":[{"start":{"line":115,"column":6},"end":{"line":115,"column":null}},{"start":{},"end":{}}],"line":115},"14":{"loc":{"start":{"line":116,"column":6},"end":{"line":116,"column":null}},"type":"if","locations":[{"start":{"line":116,"column":6},"end":{"line":116,"column":null}},{"start":{},"end":{}}],"line":116},"15":{"loc":{"start":{"line":116,"column":10},"end":{"line":116,"column":45}},"type":"binary-expr","locations":[{"start":{"line":116,"column":10},"end":{"line":116,"column":31}},{"start":{"line":116,"column":31},"end":{"line":116,"column":45}}],"line":116},"16":{"loc":{"start":{"line":123,"column":13},"end":{"line":123,"column":null}},"type":"binary-expr","locations":[{"start":{"line":123,"column":13},"end":{"line":123,"column":44}},{"start":{"line":123,"column":44},"end":{"line":123,"column":null}}],"line":123},"17":{"loc":{"start":{"line":135,"column":35},"end":{"line":135,"column":72}},"type":"binary-expr","locations":[{"start":{"line":135,"column":35},"end":{"line":135,"column":70}},{"start":{"line":135,"column":70},"end":{"line":135,"column":72}}],"line":135},"18":{"loc":{"start":{"line":138,"column":29},"end":{"line":138,"column":63}},"type":"binary-expr","locations":[{"start":{"line":138,"column":29},"end":{"line":138,"column":61}},{"start":{"line":138,"column":61},"end":{"line":138,"column":63}}],"line":138},"19":{"loc":{"start":{"line":139,"column":39},"end":{"line":139,"column":78}},"type":"binary-expr","locations":[{"start":{"line":139,"column":39},"end":{"line":139,"column":76}},{"start":{"line":139,"column":76},"end":{"line":139,"column":78}}],"line":139},"20":{"loc":{"start":{"line":145,"column":4},"end":{"line":145,"column":null}},"type":"if","locations":[{"start":{"line":145,"column":4},"end":{"line":145,"column":null}},{"start":{},"end":{}}],"line":145},"21":{"loc":{"start":{"line":146,"column":18},"end":{"line":146,"column":null}},"type":"cond-expr","locations":[{"start":{"line":146,"column":38},"end":{"line":146,"column":62}},{"start":{"line":146,"column":62},"end":{"line":146,"column":null}}],"line":146},"22":{"loc":{"start":{"line":147,"column":4},"end":{"line":151,"column":null}},"type":"if","locations":[{"start":{"line":147,"column":4},"end":{"line":151,"column":null}},{"start":{},"end":{}}],"line":147},"23":{"loc":{"start":{"line":148,"column":27},"end":{"line":148,"column":102}},"type":"cond-expr","locations":[{"start":{"line":148,"column":57},"end":{"line":148,"column":85}},{"start":{"line":148,"column":85},"end":{"line":148,"column":102}}],"line":148},"24":{"loc":{"start":{"line":161,"column":10},"end":{"line":161,"column":null}},"type":"binary-expr","locations":[{"start":{"line":161,"column":10},"end":{"line":161,"column":42}},{"start":{"line":161,"column":42},"end":{"line":161,"column":null}}],"line":161},"25":{"loc":{"start":{"line":164,"column":6},"end":{"line":164,"column":null}},"type":"binary-expr","locations":[{"start":{"line":164,"column":6},"end":{"line":164,"column":34}},{"start":{"line":164,"column":34},"end":{"line":164,"column":null}}],"line":164},"26":{"loc":{"start":{"line":165,"column":6},"end":{"line":165,"column":null}},"type":"binary-expr","locations":[{"start":{"line":165,"column":6},"end":{"line":165,"column":34}},{"start":{"line":165,"column":34},"end":{"line":165,"column":null}}],"line":165},"27":{"loc":{"start":{"line":206,"column":12},"end":{"line":206,"column":null}},"type":"binary-expr","locations":[{"start":{"line":206,"column":12},"end":{"line":206,"column":26}},{"start":{"line":206,"column":26},"end":{"line":206,"column":null}}],"line":206},"28":{"loc":{"start":{"line":207,"column":12},"end":{"line":207,"column":null}},"type":"binary-expr","locations":[{"start":{"line":207,"column":12},"end":{"line":207,"column":26}},{"start":{"line":207,"column":26},"end":{"line":207,"column":null}}],"line":207},"29":{"loc":{"start":{"line":209,"column":19},"end":{"line":209,"column":null}},"type":"cond-expr","locations":[{"start":{"line":209,"column":41},"end":{"line":209,"column":87}},{"start":{"line":209,"column":87},"end":{"line":209,"column":null}}],"line":209},"30":{"loc":{"start":{"line":210,"column":19},"end":{"line":210,"column":null}},"type":"cond-expr","locations":[{"start":{"line":210,"column":41},"end":{"line":210,"column":87}},{"start":{"line":210,"column":87},"end":{"line":210,"column":null}}],"line":210},"31":{"loc":{"start":{"line":211,"column":22},"end":{"line":211,"column":null}},"type":"cond-expr","locations":[{"start":{"line":211,"column":47},"end":{"line":211,"column":96}},{"start":{"line":211,"column":96},"end":{"line":211,"column":null}}],"line":211},"32":{"loc":{"start":{"line":224,"column":4},"end":{"line":224,"column":null}},"type":"if","locations":[{"start":{"line":224,"column":4},"end":{"line":224,"column":null}},{"start":{},"end":{}}],"line":224},"33":{"loc":{"start":{"line":224,"column":8},"end":{"line":224,"column":49}},"type":"binary-expr","locations":[{"start":{"line":224,"column":8},"end":{"line":224,"column":32}},{"start":{"line":224,"column":32},"end":{"line":224,"column":49}}],"line":224},"34":{"loc":{"start":{"line":225,"column":18},"end":{"line":225,"column":null}},"type":"cond-expr","locations":[{"start":{"line":225,"column":38},"end":{"line":225,"column":62}},{"start":{"line":225,"column":62},"end":{"line":225,"column":null}}],"line":225},"35":{"loc":{"start":{"line":227,"column":18},"end":{"line":227,"column":null}},"type":"cond-expr","locations":[{"start":{"line":227,"column":39},"end":{"line":227,"column":45}},{"start":{"line":227,"column":45},"end":{"line":227,"column":null}}],"line":227},"36":{"loc":{"start":{"line":236,"column":2},"end":{"line":238,"column":null}},"type":"if","locations":[{"start":{"line":236,"column":2},"end":{"line":238,"column":null}},{"start":{},"end":{}}],"line":236},"37":{"loc":{"start":{"line":236,"column":6},"end":{"line":236,"column":45}},"type":"binary-expr","locations":[{"start":{"line":236,"column":6},"end":{"line":236,"column":24}},{"start":{"line":236,"column":24},"end":{"line":236,"column":45}}],"line":236},"38":{"loc":{"start":{"line":239,"column":2},"end":{"line":241,"column":null}},"type":"if","locations":[{"start":{"line":239,"column":2},"end":{"line":241,"column":null}},{"start":{},"end":{}}],"line":239},"39":{"loc":{"start":{"line":244,"column":15},"end":{"line":244,"column":null}},"type":"cond-expr","locations":[{"start":{"line":244,"column":45},"end":{"line":244,"column":69}},{"start":{"line":244,"column":69},"end":{"line":244,"column":null}}],"line":244}},"s":{"0":8,"1":8,"2":8,"3":8,"4":8,"5":8,"6":8,"7":8,"8":8,"9":16,"10":8,"11":8,"12":8,"13":0,"14":0,"15":0,"16":0,"17":40,"18":104,"19":0,"20":104,"21":104,"22":40,"23":40,"24":0,"25":112,"26":168,"27":0,"28":168,"29":168,"30":112,"31":112,"32":96,"33":16,"34":16,"35":0,"36":8,"37":8,"38":8,"39":8,"40":8,"41":8,"42":8,"43":8,"44":8,"45":8,"46":56,"47":0,"48":56,"49":56,"50":0,"51":0,"52":8,"53":8,"54":8,"55":8,"56":56,"57":56,"58":112,"59":56,"60":8,"61":8,"62":8,"63":8,"64":8,"65":56,"66":56,"67":56,"68":56,"69":8,"70":8,"71":8,"72":8,"73":8,"74":160,"75":160,"76":160,"77":8,"78":8,"79":8,"80":184,"81":184,"82":8,"83":18,"84":4496,"85":4496,"86":16754,"87":12516,"88":4238,"89":16754,"90":16754,"91":16754,"92":4262,"93":4496,"94":4280,"95":0,"96":4280,"97":0,"98":4280,"99":4280,"100":4280,"101":4280,"102":4280},"f":{"0":8,"1":8,"2":40,"3":112,"4":8,"5":8,"6":8,"7":112,"8":8,"9":8,"10":8,"11":184,"12":8,"13":18,"14":4496,"15":4280},"b":{"0":[8,0],"1":[8,0],"2":[8,8],"3":[8,0],"4":[8,0],"5":[0,0],"6":[0,104],"7":[0,104],"8":[40,64],"9":[0,40],"10":[0,168],"11":[0,168],"12":[112,56],"13":[96,16],"14":[16,0],"15":[16,16],"16":[8,0],"17":[8,0],"18":[8,0],"19":[8,0],"20":[0,56],"21":[0,56],"22":[0,56],"23":[0,0],"24":[56,0],"25":[112,0],"26":[112,0],"27":[184,0],"28":[184,0],"29":[184,0],"30":[184,0],"31":[184,0],"32":[12516,4238],"33":[16754,4238],"34":[0,4238],"35":[24,4214],"36":[0,4280],"37":[4280,4280],"38":[0,4280],"39":[0,4280]},"meta":{"lastBranch":40,"lastFunction":16,"lastStatement":103,"seen":{"f:68:16:68:28":0,"s:69:8:69:Infinity":0,"s:70:15:70:Infinity":1,"s:72:8:72:Infinity":2,"b:72:8:72:46:72:46:72:Infinity":0,"s:73:8:73:Infinity":3,"s:74:19:74:Infinity":4,"s:76:22:76:Infinity":5,"b:76:22:76:52:76:52:76:Infinity":1,"s:77:18:77:Infinity":6,"s:79:2:79:Infinity":7,"f:84:9:84:18":1,"s:85:2:90:Infinity":8,"b:86:4:86:Infinity:undefined:undefined:undefined:undefined":2,"s:86:4:86:Infinity":9,"s:86:24:86:Infinity":10,"b:87:4:89:Infinity:undefined:undefined:undefined:undefined":3,"s:87:4:89:Infinity":11,"b:87:8:87:26:87:26:87:49":4,"s:88:6:88:Infinity":12,"s:91:2:93:Infinity":13,"b:92:4:92:Infinity:undefined:undefined:undefined:undefined":5,"s:92:4:92:Infinity":14,"s:92:24:92:Infinity":15,"s:94:2:94:Infinity":16,"f:97:9:97:19":2,"s:98:2:105:Infinity":17,"b:99:4:99:Infinity:undefined:undefined:undefined:undefined":6,"s:99:4:99:Infinity":18,"s:99:30:99:Infinity":19,"s:100:18:100:Infinity":20,"b:100:38:100:62:100:62:100:Infinity":7,"b:101:4:104:Infinity:undefined:undefined:undefined:undefined":8,"s:101:4:104:Infinity":21,"s:102:18:102:Infinity":22,"s:103:6:103:Infinity":23,"b:103:35:103:44:103:44:103:Infinity":9,"s:106:2:106:Infinity":24,"f:109:9:109:22":3,"s:110:2:118:Infinity":25,"b:111:4:111:Infinity:undefined:undefined:undefined:undefined":10,"s:111:4:111:Infinity":26,"s:111:30:111:Infinity":27,"s:112:18:112:Infinity":28,"b:112:38:112:62:112:62:112:Infinity":11,"b:113:4:117:Infinity:undefined:undefined:undefined:undefined":12,"s:113:4:117:Infinity":29,"s:114:18:114:Infinity":30,"b:115:6:115:Infinity:undefined:undefined:undefined:undefined":13,"s:115:6:115:Infinity":31,"s:115:30:115:Infinity":32,"b:116:6:116:Infinity:undefined:undefined:undefined:undefined":14,"s:116:6:116:Infinity":33,"b:116:10:116:31:116:31:116:45":15,"s:116:45:116:Infinity":34,"s:119:2:119:Infinity":35,"f:122:9:122:23":4,"s:123:13:123:Infinity":36,"b:123:13:123:44:123:44:123:Infinity":16,"s:124:2:131:Infinity":37,"f:134:9:134:22":5,"s:135:20:135:Infinity":38,"b:135:35:135:70:135:70:135:72":17,"s:136:25:136:Infinity":39,"s:137:25:137:Infinity":40,"s:138:17:138:Infinity":41,"b:138:29:138:61:138:61:138:63":18,"s:139:22:139:Infinity":42,"b:139:39:139:76:139:76:139:78":19,"s:141:20:142:Infinity":43,"s:143:35:143:Infinity":44,"s:144:2:152:Infinity":45,"b:145:4:145:Infinity:undefined:undefined:undefined:undefined":20,"s:145:4:145:Infinity":46,"s:145:30:145:Infinity":47,"s:146:18:146:Infinity":48,"b:146:38:146:62:146:62:146:Infinity":21,"b:147:4:151:Infinity:undefined:undefined:undefined:undefined":22,"s:147:4:151:Infinity":49,"s:148:6:150:Infinity":50,"b:148:57:148:85:148:85:148:102":23,"s:149:8:149:Infinity":51,"s:154:2:154:Infinity":52,"f:157:9:157:24":6,"s:158:33:158:Infinity":53,"s:159:16:159:Infinity":54,"s:160:2:169:Infinity":55,"s:161:10:161:Infinity":56,"b:161:10:161:42:161:42:161:Infinity":24,"s:162:18:167:Infinity":57,"f:162:49:162:50":7,"s:162:57:167:6":58,"b:164:6:164:34:164:34:164:Infinity":25,"b:165:6:165:34:165:34:165:Infinity":26,"s:168:4:168:Infinity":59,"s:170:2:170:Infinity":60,"f:173:9:173:29":8,"s:174:33:174:Infinity":61,"s:175:2:183:Infinity":62,"s:176:18:176:Infinity":63,"s:177:4:182:Infinity":64,"s:178:12:178:Infinity":65,"s:179:12:179:Infinity":66,"s:180:12:180:Infinity":67,"s:181:6:181:Infinity":68,"s:184:2:184:Infinity":69,"f:187:9:187:29":9,"s:188:33:188:Infinity":70,"s:189:2:196:Infinity":71,"s:190:18:190:Infinity":72,"s:191:4:195:Infinity":73,"s:192:12:192:Infinity":74,"s:193:12:193:Infinity":75,"s:194:6:194:Infinity":76,"s:197:2:197:Infinity":77,"f:200:9:200:21":10,"s:201:16:201:Infinity":78,"s:202:2:214:Infinity":79,"f:202:19:202:20":11,"s:203:10:203:Infinity":80,"s:204:4:213:Infinity":81,"b:206:12:206:26:206:26:206:Infinity":27,"b:207:12:207:26:207:26:207:Infinity":28,"b:209:41:209:87:209:87:209:Infinity":29,"b:210:41:210:87:210:87:210:Infinity":30,"b:211:47:211:96:211:96:211:Infinity":31,"f:217:9:217:26":12,"s:218:2:218:Infinity":82,"f:218:46:218:47":13,"s:218:54:218:88":83,"f:221:9:221:27":14,"s:222:35:222:Infinity":84,"s:223:2:231:Infinity":85,"b:224:4:224:Infinity:undefined:undefined:undefined:undefined":32,"s:224:4:224:Infinity":86,"b:224:8:224:32:224:32:224:49":33,"s:224:49:224:Infinity":87,"s:225:18:225:Infinity":88,"b:225:38:225:62:225:62:225:Infinity":34,"s:226:16:226:Infinity":89,"s:227:18:227:Infinity":90,"b:227:39:227:45:227:45:227:Infinity":35,"s:228:4:230:Infinity":91,"s:229:6:229:Infinity":92,"s:232:2:232:Infinity":93,"f:235:9:235:26":15,"b:236:2:238:Infinity:undefined:undefined:undefined:undefined":36,"s:236:2:238:Infinity":94,"b:236:6:236:24:236:24:236:45":37,"s:237:4:237:Infinity":95,"b:239:2:241:Infinity:undefined:undefined:undefined:undefined":38,"s:239:2:241:Infinity":96,"s:240:4:240:Infinity":97,"s:242:15:242:Infinity":98,"s:243:8:243:Infinity":99,"s:244:15:244:Infinity":100,"b:244:45:244:69:244:69:244:Infinity":39,"s:245:19:245:Infinity":101,"s:246:2:246:Infinity":102}}}
,"/Users/mj/handoc/packages/hwpx-parser/src/index.ts": {"path":"/Users/mj/handoc/packages/hwpx-parser/src/index.ts","statementMap":{"0":{"start":{"line":13,"column":23},"end":{"line":13,"column":null}}},"fnMap":{},"branchMap":{},"s":{"0":1},"f":{},"b":{},"meta":{"lastBranch":0,"lastFunction":0,"lastStatement":1,"seen":{"s:13:23:13:Infinity":0}}}
,"/Users/mj/handoc/packages/hwpx-parser/src/paragraph-parser.ts": {"path":"/Users/mj/handoc/packages/hwpx-parser/src/paragraph-parser.ts","statementMap":{"0":{"start":{"line":4,"column":23},"end":{"line":8,"column":null}},"1":{"start":{"line":10,"column":27},"end":{"line":12,"column":null}},"2":{"start":{"line":15,"column":2},"end":{"line":15,"column":null}},"3":{"start":{"line":15,"column":18},"end":{"line":15,"column":null}},"4":{"start":{"line":16,"column":8},"end":{"line":16,"column":null}},"5":{"start":{"line":17,"column":37},"end":{"line":17,"column":null}},"6":{"start":{"line":18,"column":28},"end":{"line":18,"column":null}},"7":{"start":{"line":20,"column":2},"end":{"line":22,"column":null}},"8":{"start":{"line":21,"column":4},"end":{"line":21,"column":null}},"9":{"start":{"line":24,"column":2},"end":{"line":44,"column":null}},"10":{"start":{"line":25,"column":4},"end":{"line":25,"column":null}},"11":{"start":{"line":25,"column":49},"end":{"line":25,"column":null}},"12":{"start":{"line":26,"column":16},"end":{"line":26,"column":null}},"13":{"start":{"line":27,"column":4},"end":{"line":27,"column":null}},"14":{"start":{"line":27,"column":43},"end":{"line":27,"column":null}},"15":{"start":{"line":28,"column":4},"end":{"line":32,"column":null}},"16":{"start":{"line":30,"column":6},"end":{"line":30,"column":null}},"17":{"start":{"line":31,"column":6},"end":{"line":31,"column":null}},"18":{"start":{"line":33,"column":4},"end":{"line":43,"column":null}},"19":{"start":{"line":34,"column":6},"end":{"line":40,"column":null}},"20":{"start":{"line":35,"column":8},"end":{"line":39,"column":null}},"21":{"start":{"line":36,"column":10},"end":{"line":36,"column":null}},"22":{"start":{"line":38,"column":10},"end":{"line":38,"column":null}},"23":{"start":{"line":41,"column":4},"end":{"line":43,"column":null}},"24":{"start":{"line":42,"column":6},"end":{"line":42,"column":null}},"25":{"start":{"line":46,"column":2},"end":{"line":46,"column":null}},"26":{"start":{"line":50,"column":30},"end":{"line":50,"column":null}},"27":{"start":{"line":52,"column":2},"end":{"line":63,"column":null}},"28":{"start":{"line":54,"column":18},"end":{"line":54,"column":null}},"29":{"start":{"line":55,"column":4},"end":{"line":59,"column":null}},"30":{"start":{"line":56,"column":6},"end":{"line":56,"column":null}},"31":{"start":{"line":57,"column":4},"end":{"line":59,"column":null}},"32":{"start":{"line":58,"column":6},"end":{"line":58,"column":null}},"33":{"start":{"line":61,"column":4},"end":{"line":61,"column":null}},"34":{"start":{"line":62,"column":4},"end":{"line":62,"column":null}},"35":{"start":{"line":65,"column":2},"end":{"line":69,"column":null}},"36":{"start":{"line":66,"column":17},"end":{"line":66,"column":null}},"37":{"start":{"line":67,"column":4},"end":{"line":67,"column":null}},"38":{"start":{"line":68,"column":4},"end":{"line":68,"column":null}},"39":{"start":{"line":71,"column":2},"end":{"line":75,"column":null}},"40":{"start":{"line":72,"column":17},"end":{"line":72,"column":null}},"41":{"start":{"line":73,"column":4},"end":{"line":73,"column":null}},"42":{"start":{"line":74,"column":4},"end":{"line":74,"column":null}},"43":{"start":{"line":77,"column":2},"end":{"line":81,"column":null}},"44":{"start":{"line":78,"column":17},"end":{"line":78,"column":null}},"45":{"start":{"line":79,"column":4},"end":{"line":79,"column":null}},"46":{"start":{"line":80,"column":4},"end":{"line":80,"column":null}},"47":{"start":{"line":83,"column":2},"end":{"line":87,"column":null}},"48":{"start":{"line":84,"column":17},"end":{"line":84,"column":null}},"49":{"start":{"line":85,"column":4},"end":{"line":85,"column":null}},"50":{"start":{"line":86,"column":4},"end":{"line":86,"column":null}},"51":{"start":{"line":89,"column":2},"end":{"line":92,"column":null}},"52":{"start":{"line":90,"column":4},"end":{"line":90,"column":null}},"53":{"start":{"line":91,"column":4},"end":{"line":91,"column":null}},"54":{"start":{"line":95,"column":15},"end":{"line":95,"column":null}},"55":{"start":{"line":96,"column":2},"end":{"line":96,"column":null}},"56":{"start":{"line":97,"column":2},"end":{"line":97,"column":null}},"57":{"start":{"line":101,"column":8},"end":{"line":101,"column":null}},"58":{"start":{"line":102,"column":22},"end":{"line":102,"column":null}},"59":{"start":{"line":103,"column":31},"end":{"line":103,"column":null}},"60":{"start":{"line":105,"column":2},"end":{"line":118,"column":null}},"61":{"start":{"line":106,"column":4},"end":{"line":106,"column":null}},"62":{"start":{"line":106,"column":30},"end":{"line":106,"column":null}},"63":{"start":{"line":108,"column":16},"end":{"line":108,"column":null}},"64":{"start":{"line":111,"column":4},"end":{"line":117,"column":null}},"65":{"start":{"line":112,"column":6},"end":{"line":114,"column":null}},"66":{"start":{"line":113,"column":8},"end":{"line":113,"column":null}},"67":{"start":{"line":116,"column":6},"end":{"line":116,"column":null}},"68":{"start":{"line":120,"column":2},"end":{"line":120,"column":null}},"69":{"start":{"line":124,"column":8},"end":{"line":124,"column":null}},"70":{"start":{"line":125,"column":2},"end":{"line":135,"column":null}},"71":{"start":{"line":139,"column":8},"end":{"line":139,"column":null}},"72":{"start":{"line":140,"column":22},"end":{"line":140,"column":null}},"73":{"start":{"line":141,"column":34},"end":{"line":141,"column":null}},"74":{"start":{"line":144,"column":8},"end":{"line":144,"column":null}},"75":{"start":{"line":145,"column":2},"end":{"line":147,"column":null}},"76":{"start":{"line":146,"column":4},"end":{"line":146,"column":null}},"77":{"start":{"line":150,"column":8},"end":{"line":150,"column":null}},"78":{"start":{"line":151,"column":2},"end":{"line":156,"column":null}},"79":{"start":{"line":152,"column":10},"end":{"line":152,"column":null}},"80":{"start":{"line":153,"column":4},"end":{"line":155,"column":null}},"81":{"start":{"line":154,"column":6},"end":{"line":154,"column":null}},"82":{"start":{"line":158,"column":2},"end":{"line":167,"column":null}}},"fnMap":{"0":{"name":"parseGenericElement","decl":{"start":{"line":14,"column":16},"end":{"line":14,"column":36}},"loc":{"start":{"line":14,"column":107},"end":{"line":47,"column":null}},"line":14},"1":{"name":"parseRunChild","decl":{"start":{"line":49,"column":16},"end":{"line":49,"column":30}},"loc":{"start":{"line":49,"column":71},"end":{"line":98,"column":null}},"line":49},"2":{"name":"parseRun","decl":{"start":{"line":100,"column":16},"end":{"line":100,"column":25}},"loc":{"start":{"line":100,"column":61},"end":{"line":121,"column":null}},"line":100},"3":{"name":"parseLineSeg","decl":{"start":{"line":123,"column":9},"end":{"line":123,"column":22}},"loc":{"start":{"line":123,"column":62},"end":{"line":136,"column":null}},"line":123},"4":{"name":"parseParagraph","decl":{"start":{"line":138,"column":16},"end":{"line":138,"column":31}},"loc":{"start":{"line":138,"column":73},"end":{"line":168,"column":null}},"line":138}},"branchMap":{"0":{"loc":{"start":{"line":14,"column":80},"end":{"line":14,"column":107}},"type":"default-arg","locations":[{"start":{"line":14,"column":88},"end":{"line":14,"column":107}}],"line":14},"1":{"loc":{"start":{"line":15,"column":2},"end":{"line":15,"column":null}},"type":"if","locations":[{"start":{"line":15,"column":2},"end":{"line":15,"column":null}},{"start":{},"end":{}}],"line":15},"2":{"loc":{"start":{"line":20,"column":2},"end":{"line":22,"column":null}},"type":"if","locations":[{"start":{"line":20,"column":2},"end":{"line":22,"column":null}},{"start":{},"end":{}}],"line":20},"3":{"loc":{"start":{"line":20,"column":6},"end":{"line":20,"column":78}},"type":"binary-expr","locations":[{"start":{"line":20,"column":6},"end":{"line":20,"column":43}},{"start":{"line":20,"column":43},"end":{"line":20,"column":78}}],"line":20},"4":{"loc":{"start":{"line":25,"column":4},"end":{"line":25,"column":null}},"type":"if","locations":[{"start":{"line":25,"column":4},"end":{"line":25,"column":null}},{"start":{},"end":{}}],"line":25},"5":{"loc":{"start":{"line":25,"column":8},"end":{"line":25,"column":49}},"type":"binary-expr","locations":[{"start":{"line":25,"column":8},"end":{"line":25,"column":32}},{"start":{"line":25,"column":32},"end":{"line":25,"column":49}}],"line":25},"6":{"loc":{"start":{"line":27,"column":4},"end":{"line":27,"column":null}},"type":"if","locations":[{"start":{"line":27,"column":4},"end":{"line":27,"column":null}},{"start":{},"end":{}}],"line":27},"7":{"loc":{"start":{"line":27,"column":8},"end":{"line":27,"column":43}},"type":"binary-expr","locations":[{"start":{"line":27,"column":8},"end":{"line":27,"column":24}},{"start":{"line":27,"column":24},"end":{"line":27,"column":43}}],"line":27},"8":{"loc":{"start":{"line":28,"column":4},"end":{"line":32,"column":null}},"type":"if","locations":[{"start":{"line":28,"column":4},"end":{"line":32,"column":null}},{"start":{},"end":{}}],"line":28},"9":{"loc":{"start":{"line":28,"column":8},"end":{"line":28,"column":88}},"type":"binary-expr","locations":[{"start":{"line":28,"column":8},"end":{"line":28,"column":35}},{"start":{"line":28,"column":35},"end":{"line":28,"column":62}},{"start":{"line":28,"column":62},"end":{"line":28,"column":88}}],"line":28},"10":{"loc":{"start":{"line":33,"column":4},"end":{"line":43,"column":null}},"type":"if","locations":[{"start":{"line":33,"column":4},"end":{"line":43,"column":null}},{"start":{"line":41,"column":4},"end":{"line":43,"column":null}}],"line":33},"11":{"loc":{"start":{"line":35,"column":8},"end":{"line":39,"column":null}},"type":"if","locations":[{"start":{"line":35,"column":8},"end":{"line":39,"column":null}},{"start":{"line":37,"column":15},"end":{"line":39,"column":null}}],"line":35},"12":{"loc":{"start":{"line":35,"column":12},"end":{"line":35,"column":55}},"type":"binary-expr","locations":[{"start":{"line":35,"column":12},"end":{"line":35,"column":40}},{"start":{"line":35,"column":40},"end":{"line":35,"column":55}}],"line":35},"13":{"loc":{"start":{"line":38,"column":67},"end":{"line":38,"column":102}},"type":"cond-expr","locations":[{"start":{"line":38,"column":82},"end":{"line":38,"column":97}},{"start":{"line":38,"column":97},"end":{"line":38,"column":102}}],"line":38},"14":{"loc":{"start":{"line":41,"column":4},"end":{"line":43,"column":null}},"type":"if","locations":[{"start":{"line":41,"column":4},"end":{"line":43,"column":null}},{"start":{},"end":{}}],"line":41},"15":{"loc":{"start":{"line":52,"column":2},"end":{"line":63,"column":null}},"type":"if","locations":[{"start":{"line":52,"column":2},"end":{"line":63,"column":null}},{"start":{},"end":{}}],"line":52},"16":{"loc":{"start":{"line":55,"column":4},"end":{"line":59,"column":null}},"type":"if","locations":[{"start":{"line":55,"column":4},"end":{"line":59,"column":null}},{"start":{"line":57,"column":4},"end":{"line":59,"column":null}}],"line":55},"17":{"loc":{"start":{"line":55,"column":8},"end":{"line":55,"column":64}},"type":"binary-expr","locations":[{"start":{"line":55,"column":8},"end":{"line":55,"column":37}},{"start":{"line":55,"column":37},"end":{"line":55,"column":64}}],"line":55},"18":{"loc":{"start":{"line":57,"column":4},"end":{"line":59,"column":null}},"type":"if","locations":[{"start":{"line":57,"column":4},"end":{"line":59,"column":null}},{"start":{},"end":{}}],"line":57},"19":{"loc":{"start":{"line":57,"column":15},"end":{"line":57,"column":109}},"type":"binary-expr","locations":[{"start":{"line":57,"column":15},"end":{"line":57,"column":44}},{"start":{"line":57,"column":44},"end":{"line":57,"column":62}},{"start":{"line":57,"column":62},"end":{"line":57,"column":109}}],"line":57},"20":{"loc":{"start":{"line":65,"column":2},"end":{"line":69,"column":null}},"type":"if","locations":[{"start":{"line":65,"column":2},"end":{"line":69,"column":null}},{"start":{},"end":{}}],"line":65},"21":{"loc":{"start":{"line":66,"column":17},"end":{"line":66,"column":null}},"type":"cond-expr","locations":[{"start":{"line":66,"column":63},"end":{"line":66,"column":98}},{"start":{"line":66,"column":98},"end":{"line":66,"column":null}}],"line":66},"22":{"loc":{"start":{"line":66,"column":17},"end":{"line":66,"column":63}},"type":"binary-expr","locations":[{"start":{"line":66,"column":17},"end":{"line":66,"column":46}},{"start":{"line":66,"column":46},"end":{"line":66,"column":63}}],"line":66},"23":{"loc":{"start":{"line":71,"column":2},"end":{"line":75,"column":null}},"type":"if","locations":[{"start":{"line":71,"column":2},"end":{"line":75,"column":null}},{"start":{},"end":{}}],"line":71},"24":{"loc":{"start":{"line":72,"column":17},"end":{"line":72,"column":null}},"type":"cond-expr","locations":[{"start":{"line":72,"column":63},"end":{"line":72,"column":98}},{"start":{"line":72,"column":98},"end":{"line":72,"column":null}}],"line":72},"25":{"loc":{"start":{"line":72,"column":17},"end":{"line":72,"column":63}},"type":"binary-expr","locations":[{"start":{"line":72,"column":17},"end":{"line":72,"column":46}},{"start":{"line":72,"column":46},"end":{"line":72,"column":63}}],"line":72},"26":{"loc":{"start":{"line":77,"column":2},"end":{"line":81,"column":null}},"type":"if","locations":[{"start":{"line":77,"column":2},"end":{"line":81,"column":null}},{"start":{},"end":{}}],"line":77},"27":{"loc":{"start":{"line":78,"column":17},"end":{"line":78,"column":null}},"type":"cond-expr","locations":[{"start":{"line":78,"column":63},"end":{"line":78,"column":98}},{"start":{"line":78,"column":98},"end":{"line":78,"column":null}}],"line":78},"28":{"loc":{"start":{"line":78,"column":17},"end":{"line":78,"column":63}},"type":"binary-expr","locations":[{"start":{"line":78,"column":17},"end":{"line":78,"column":46}},{"start":{"line":78,"column":46},"end":{"line":78,"column":63}}],"line":78},"29":{"loc":{"start":{"line":83,"column":2},"end":{"line":87,"column":null}},"type":"if","locations":[{"start":{"line":83,"column":2},"end":{"line":87,"column":null}},{"start":{},"end":{}}],"line":83},"30":{"loc":{"start":{"line":84,"column":17},"end":{"line":84,"column":null}},"type":"cond-expr","locations":[{"start":{"line":84,"column":63},"end":{"line":84,"column":98}},{"start":{"line":84,"column":98},"end":{"line":84,"column":null}}],"line":84},"31":{"loc":{"start":{"line":84,"column":17},"end":{"line":84,"column":63}},"type":"binary-expr","locations":[{"start":{"line":84,"column":17},"end":{"line":84,"column":46}},{"start":{"line":84,"column":46},"end":{"line":84,"column":63}}],"line":84},"32":{"loc":{"start":{"line":89,"column":2},"end":{"line":92,"column":null}},"type":"if","locations":[{"start":{"line":89,"column":2},"end":{"line":92,"column":null}},{"start":{},"end":{}}],"line":89},"33":{"loc":{"start":{"line":95,"column":15},"end":{"line":95,"column":null}},"type":"cond-expr","locations":[{"start":{"line":95,"column":61},"end":{"line":95,"column":96}},{"start":{"line":95,"column":96},"end":{"line":95,"column":null}}],"line":95},"34":{"loc":{"start":{"line":95,"column":15},"end":{"line":95,"column":61}},"type":"binary-expr","locations":[{"start":{"line":95,"column":15},"end":{"line":95,"column":44}},{"start":{"line":95,"column":44},"end":{"line":95,"column":61}}],"line":95},"35":{"loc":{"start":{"line":102,"column":22},"end":{"line":102,"column":null}},"type":"cond-expr","locations":[{"start":{"line":102,"column":53},"end":{"line":102,"column":84}},{"start":{"line":102,"column":84},"end":{"line":102,"column":null}}],"line":102},"36":{"loc":{"start":{"line":106,"column":4},"end":{"line":106,"column":null}},"type":"if","locations":[{"start":{"line":106,"column":4},"end":{"line":106,"column":null}},{"start":{},"end":{}}],"line":106},"37":{"loc":{"start":{"line":111,"column":4},"end":{"line":117,"column":null}},"type":"if","locations":[{"start":{"line":111,"column":4},"end":{"line":117,"column":null}},{"start":{"line":115,"column":11},"end":{"line":117,"column":null}}],"line":111},"38":{"loc":{"start":{"line":159,"column":8},"end":{"line":159,"column":null}},"type":"binary-expr","locations":[{"start":{"line":159,"column":8},"end":{"line":159,"column":23}},{"start":{"line":159,"column":23},"end":{"line":159,"column":null}}],"line":159},"39":{"loc":{"start":{"line":160,"column":17},"end":{"line":160,"column":null}},"type":"cond-expr","locations":[{"start":{"line":160,"column":48},"end":{"line":160,"column":79}},{"start":{"line":160,"column":79},"end":{"line":160,"column":null}}],"line":160},"40":{"loc":{"start":{"line":161,"column":16},"end":{"line":161,"column":null}},"type":"cond-expr","locations":[{"start":{"line":161,"column":46},"end":{"line":161,"column":76}},{"start":{"line":161,"column":76},"end":{"line":161,"column":null}}],"line":161}},"s":{"0":3,"1":3,"2":275,"3":0,"4":275,"5":275,"6":275,"7":275,"8":0,"9":275,"10":1355,"11":1113,"12":242,"13":242,"14":0,"15":242,"16":9,"17":9,"18":233,"19":11,"20":33,"21":33,"22":0,"23":222,"24":222,"25":275,"26":43,"27":43,"28":24,"29":24,"30":24,"31":0,"32":0,"33":24,"34":24,"35":19,"36":8,"37":8,"38":8,"39":11,"40":8,"41":8,"42":8,"43":3,"44":2,"45":2,"46":2,"47":1,"48":1,"49":1,"50":1,"51":0,"52":0,"53":0,"54":0,"55":43,"56":43,"57":36,"58":36,"59":36,"60":36,"61":79,"62":36,"63":43,"64":43,"65":0,"66":0,"67":43,"68":36,"69":7,"70":7,"71":23,"72":23,"73":23,"74":23,"75":23,"76":30,"77":23,"78":23,"79":7,"80":7,"81":7,"82":23},"f":{"0":275,"1":43,"2":36,"3":7,"4":23},"b":{"0":[275],"1":[0,275],"2":[0,275],"3":[275,275],"4":[1113,242],"5":[1355,242],"6":[0,242],"7":[242,242],"8":[9,233],"9":[242,235,233],"10":[11,222],"11":[33,0],"12":[33,33],"13":[0,0],"14":[222,0],"15":[24,19],"16":[24,0],"17":[24,0],"18":[0,0],"19":[0,0,0],"20":[8,11],"21":[8,0],"22":[8,8],"23":[8,3],"24":[8,0],"25":[8,8],"26":[2,1],"27":[2,0],"28":[2,2],"29":[1,0],"30":[1,0],"31":[1,1],"32":[0,0],"33":[0,0],"34":[0,0],"35":[36,0],"36":[36,43],"37":[0,43],"38":[23,0],"39":[23,0],"40":[23,0]},"meta":{"lastBranch":41,"lastFunction":5,"lastStatement":83,"seen":{"s:4:23:8:Infinity":0,"s:10:27:12:Infinity":1,"f:14:16:14:36":0,"b:14:88:14:107":0,"b:15:2:15:Infinity:undefined:undefined:undefined:undefined":1,"s:15:2:15:Infinity":2,"s:15:18:15:Infinity":3,"s:16:8:16:Infinity":4,"s:17:37:17:Infinity":5,"s:18:28:18:Infinity":6,"b:20:2:22:Infinity:undefined:undefined:undefined:undefined":2,"s:20:2:22:Infinity":7,"b:20:6:20:43:20:43:20:78":3,"s:21:4:21:Infinity":8,"s:24:2:44:Infinity":9,"b:25:4:25:Infinity:undefined:undefined:undefined:undefined":4,"s:25:4:25:Infinity":10,"b:25:8:25:32:25:32:25:49":5,"s:25:49:25:Infinity":11,"s:26:16:26:Infinity":12,"b:27:4:27:Infinity:undefined:undefined:undefined:undefined":6,"s:27:4:27:Infinity":13,"b:27:8:27:24:27:24:27:43":7,"s:27:43:27:Infinity":14,"b:28:4:32:Infinity:undefined:undefined:undefined:undefined":8,"s:28:4:32:Infinity":15,"b:28:8:28:35:28:35:28:62:28:62:28:88":9,"s:30:6:30:Infinity":16,"s:31:6:31:Infinity":17,"b:33:4:43:Infinity:41:4:43:Infinity":10,"s:33:4:43:Infinity":18,"s:34:6:40:Infinity":19,"b:35:8:39:Infinity:37:15:39:Infinity":11,"s:35:8:39:Infinity":20,"b:35:12:35:40:35:40:35:55":12,"s:36:10:36:Infinity":21,"s:38:10:38:Infinity":22,"b:38:82:38:97:38:97:38:102":13,"b:41:4:43:Infinity:undefined:undefined:undefined:undefined":14,"s:41:4:43:Infinity":23,"s:42:6:42:Infinity":24,"s:46:2:46:Infinity":25,"f:49:16:49:30":1,"s:50:30:50:Infinity":26,"b:52:2:63:Infinity:undefined:undefined:undefined:undefined":15,"s:52:2:63:Infinity":27,"s:54:18:54:Infinity":28,"b:55:4:59:Infinity:57:4:59:Infinity":16,"s:55:4:59:Infinity":29,"b:55:8:55:37:55:37:55:64":17,"s:56:6:56:Infinity":30,"b:57:4:59:Infinity:undefined:undefined:undefined:undefined":18,"s:57:4:59:Infinity":31,"b:57:15:57:44:57:44:57:62:57:62:57:109":19,"s:58:6:58:Infinity":32,"s:61:4:61:Infinity":33,"s:62:4:62:Infinity":34,"b:65:2:69:Infinity:undefined:undefined:undefined:undefined":20,"s:65:2:69:Infinity":35,"s:66:17:66:Infinity":36,"b:66:63:66:98:66:98:66:Infinity":21,"b:66:17:66:46:66:46:66:63":22,"s:67:4:67:Infinity":37,"s:68:4:68:Infinity":38,"b:71:2:75:Infinity:undefined:undefined:undefined:undefined":23,"s:71:2:75:Infinity":39,"s:72:17:72:Infinity":40,"b:72:63:72:98:72:98:72:Infinity":24,"b:72:17:72:46:72:46:72:63":25,"s:73:4:73:Infinity":41,"s:74:4:74:Infinity":42,"b:77:2:81:Infinity:undefined:undefined:undefined:undefined":26,"s:77:2:81:Infinity":43,"s:78:17:78:Infinity":44,"b:78:63:78:98:78:98:78:Infinity":27,"b:78:17:78:46:78:46:78:63":28,"s:79:4:79:Infinity":45,"s:80:4:80:Infinity":46,"b:83:2:87:Infinity:undefined:undefined:undefined:undefined":29,"s:83:2:87:Infinity":47,"s:84:17:84:Infinity":48,"b:84:63:84:98:84:98:84:Infinity":30,"b:84:17:84:46:84:46:84:63":31,"s:85:4:85:Infinity":49,"s:86:4:86:Infinity":50,"b:89:2:92:Infinity:undefined:undefined:undefined:undefined":32,"s:89:2:92:Infinity":51,"s:90:4:90:Infinity":52,"s:91:4:91:Infinity":53,"s:95:15:95:Infinity":54,"b:95:61:95:96:95:96:95:Infinity":33,"b:95:15:95:44:95:44:95:61":34,"s:96:2:96:Infinity":55,"s:97:2:97:Infinity":56,"f:100:16:100:25":2,"s:101:8:101:Infinity":57,"s:102:22:102:Infinity":58,"b:102:53:102:84:102:84:102:Infinity":35,"s:103:31:103:Infinity":59,"s:105:2:118:Infinity":60,"b:106:4:106:Infinity:undefined:undefined:undefined:undefined":36,"s:106:4:106:Infinity":61,"s:106:30:106:Infinity":62,"s:108:16:108:Infinity":63,"b:111:4:117:Infinity:115:11:117:Infinity":37,"s:111:4:117:Infinity":64,"s:112:6:114:Infinity":65,"s:113:8:113:Infinity":66,"s:116:6:116:Infinity":67,"s:120:2:120:Infinity":68,"f:123:9:123:22":3,"s:124:8:124:Infinity":69,"s:125:2:135:Infinity":70,"f:138:16:138:31":4,"s:139:8:139:Infinity":71,"s:140:22:140:Infinity":72,"s:141:34:141:Infinity":73,"s:144:8:144:Infinity":74,"s:145:2:147:Infinity":75,"s:146:4:146:Infinity":76,"s:150:8:150:Infinity":77,"s:151:2:156:Infinity":78,"s:152:10:152:Infinity":79,"s:153:4:155:Infinity":80,"s:154:6:154:Infinity":81,"s:158:2:167:Infinity":82,"b:159:8:159:23:159:23:159:Infinity":38,"b:160:48:160:79:160:79:160:Infinity":39,"b:161:46:161:76:161:76:161:Infinity":40}}}
,"/Users/mj/handoc/packages/hwpx-parser/src/section-parser.ts": {"path":"/Users/mj/handoc/packages/hwpx-parser/src/section-parser.ts","statementMap":{"0":{"start":{"line":6,"column":8},"end":{"line":6,"column":null}},"1":{"start":{"line":7,"column":44},"end":{"line":7,"column":null}},"2":{"start":{"line":10,"column":14},"end":{"line":10,"column":null}},"3":{"start":{"line":11,"column":2},"end":{"line":11,"column":null}},"4":{"start":{"line":11,"column":12},"end":{"line":11,"column":null}},"5":{"start":{"line":13,"column":8},"end":{"line":13,"column":null}},"6":{"start":{"line":14,"column":2},"end":{"line":16,"column":null}},"7":{"start":{"line":15,"column":4},"end":{"line":15,"column":null}},"8":{"start":{"line":18,"column":2},"end":{"line":18,"column":null}},"9":{"start":{"line":22,"column":2},"end":{"line":30,"column":null}},"10":{"start":{"line":23,"column":4},"end":{"line":29,"column":null}},"11":{"start":{"line":25,"column":8},"end":{"line":27,"column":null}},"12":{"start":{"line":26,"column":65},"end":{"line":26,"column":82}},"13":{"start":{"line":27,"column":20},"end":{"line":27,"column":29}}},"fnMap":{"0":{"name":"parseSection","decl":{"start":{"line":5,"column":16},"end":{"line":5,"column":29}},"loc":{"start":{"line":5,"column":51},"end":{"line":19,"column":null}},"line":5},"1":{"name":"extractText","decl":{"start":{"line":21,"column":16},"end":{"line":21,"column":28}},"loc":{"start":{"line":21,"column":56},"end":{"line":31,"column":null}},"line":21},"2":{"name":"(anonymous_2)","decl":{"start":{"line":22,"column":32},"end":{"line":22,"column":null}},"loc":{"start":{"line":23,"column":4},"end":{"line":29,"column":null}},"line":23},"3":{"name":"(anonymous_3)","decl":{"start":{"line":24,"column":15},"end":{"line":24,"column":null}},"loc":{"start":{"line":25,"column":8},"end":{"line":27,"column":null}},"line":25},"4":{"name":"(anonymous_4)","decl":{"start":{"line":26,"column":18},"end":{"line":26,"column":19}},"loc":{"start":{"line":26,"column":65},"end":{"line":26,"column":82}},"line":26},"5":{"name":"(anonymous_5)","decl":{"start":{"line":27,"column":15},"end":{"line":27,"column":20}},"loc":{"start":{"line":27,"column":20},"end":{"line":27,"column":29}},"line":27}},"branchMap":{"0":{"loc":{"start":{"line":11,"column":2},"end":{"line":11,"column":null}},"type":"if","locations":[{"start":{"line":11,"column":2},"end":{"line":11,"column":null}},{"start":{},"end":{}}],"line":11}},"s":{"0":7,"1":7,"2":7,"3":7,"4":0,"5":7,"6":7,"7":23,"8":7,"9":5,"10":15,"11":20,"12":25,"13":14},"f":{"0":7,"1":5,"2":15,"3":20,"4":25,"5":14},"b":{"0":[0,7]},"meta":{"lastBranch":1,"lastFunction":6,"lastStatement":14,"seen":{"f:5:16:5:29":0,"s:6:8:6:Infinity":0,"s:7:44:7:Infinity":1,"s:10:14:10:Infinity":2,"b:11:2:11:Infinity:undefined:undefined:undefined:undefined":0,"s:11:2:11:Infinity":3,"s:11:12:11:Infinity":4,"s:13:8:13:Infinity":5,"s:14:2:16:Infinity":6,"s:15:4:15:Infinity":7,"s:18:2:18:Infinity":8,"f:21:16:21:28":1,"s:22:2:30:Infinity":9,"f:22:32:22:Infinity":2,"s:23:4:29:Infinity":10,"f:24:15:24:Infinity":3,"s:25:8:27:Infinity":11,"f:26:18:26:19":4,"s:26:65:26:82":12,"f:27:15:27:20":5,"s:27:20:27:29":13}}}
,"/Users/mj/handoc/packages/hwpx-parser/src/xml-utils.ts": {"path":"/Users/mj/handoc/packages/hwpx-parser/src/xml-utils.ts","statementMap":{"0":{"start":{"line":3,"column":20},"end":{"line":3,"column":null}},"1":{"start":{"line":5,"column":15},"end":{"line":11,"column":null}},"2":{"start":{"line":14,"column":2},"end":{"line":14,"column":null}},"3":{"start":{"line":19,"column":14},"end":{"line":19,"column":null}},"4":{"start":{"line":20,"column":2},"end":{"line":20,"column":null}},"5":{"start":{"line":25,"column":41},"end":{"line":25,"column":null}},"6":{"start":{"line":26,"column":2},"end":{"line":30,"column":null}},"7":{"start":{"line":27,"column":4},"end":{"line":29,"column":null}},"8":{"start":{"line":28,"column":6},"end":{"line":28,"column":null}},"9":{"start":{"line":31,"column":2},"end":{"line":31,"column":null}},"10":{"start":{"line":36,"column":14},"end":{"line":36,"column":null}},"11":{"start":{"line":37,"column":2},"end":{"line":37,"column":null}},"12":{"start":{"line":37,"column":41},"end":{"line":37,"column":null}},"13":{"start":{"line":38,"column":2},"end":{"line":38,"column":null}},"14":{"start":{"line":38,"column":26},"end":{"line":38,"column":null}},"15":{"start":{"line":39,"column":2},"end":{"line":39,"column":null}},"16":{"start":{"line":44,"column":14},"end":{"line":44,"column":null}},"17":{"start":{"line":45,"column":2},"end":{"line":45,"column":null}},"18":{"start":{"line":49,"column":2},"end":{"line":49,"column":null}},"19":{"start":{"line":49,"column":25},"end":{"line":49,"column":null}},"20":{"start":{"line":50,"column":2},"end":{"line":50,"column":null}},"21":{"start":{"line":54,"column":2},"end":{"line":54,"column":null}},"22":{"start":{"line":54,"column":25},"end":{"line":54,"column":null}},"23":{"start":{"line":55,"column":12},"end":{"line":55,"column":null}},"24":{"start":{"line":56,"column":2},"end":{"line":56,"column":null}}},"fnMap":{"0":{"name":"parseXml","decl":{"start":{"line":13,"column":16},"end":{"line":13,"column":25}},"loc":{"start":{"line":13,"column":63},"end":{"line":15,"column":null}},"line":13},"1":{"name":"getAttr","decl":{"start":{"line":18,"column":16},"end":{"line":18,"column":24}},"loc":{"start":{"line":18,"column":89},"end":{"line":21,"column":null}},"line":18},"2":{"name":"getAttrs","decl":{"start":{"line":24,"column":16},"end":{"line":24,"column":25}},"loc":{"start":{"line":24,"column":80},"end":{"line":32,"column":null}},"line":24},"3":{"name":"getChildren","decl":{"start":{"line":35,"column":16},"end":{"line":35,"column":28}},"loc":{"start":{"line":35,"column":99},"end":{"line":40,"column":null}},"line":35},"4":{"name":"localName","decl":{"start":{"line":43,"column":16},"end":{"line":43,"column":26}},"loc":{"start":{"line":43,"column":47},"end":{"line":46,"column":null}},"line":43},"5":{"name":"parseBool","decl":{"start":{"line":48,"column":16},"end":{"line":48,"column":26}},"loc":{"start":{"line":48,"column":60},"end":{"line":51,"column":null}},"line":48},"6":{"name":"parseIntSafe","decl":{"start":{"line":53,"column":16},"end":{"line":53,"column":29}},"loc":{"start":{"line":53,"column":78},"end":{"line":57,"column":null}},"line":53}},"branchMap":{"0":{"loc":{"start":{"line":20,"column":9},"end":{"line":20,"column":null}},"type":"cond-expr","locations":[{"start":{"line":20,"column":29},"end":{"line":20,"column":43}},{"start":{"line":20,"column":43},"end":{"line":20,"column":null}}],"line":20},"1":{"loc":{"start":{"line":27,"column":4},"end":{"line":29,"column":null}},"type":"if","locations":[{"start":{"line":27,"column":4},"end":{"line":29,"column":null}},{"start":{},"end":{}}],"line":27},"2":{"loc":{"start":{"line":37,"column":2},"end":{"line":37,"column":null}},"type":"if","locations":[{"start":{"line":37,"column":2},"end":{"line":37,"column":null}},{"start":{},"end":{}}],"line":37},"3":{"loc":{"start":{"line":37,"column":6},"end":{"line":37,"column":41}},"type":"binary-expr","locations":[{"start":{"line":37,"column":6},"end":{"line":37,"column":27}},{"start":{"line":37,"column":27},"end":{"line":37,"column":41}}],"line":37},"4":{"loc":{"start":{"line":38,"column":2},"end":{"line":38,"column":null}},"type":"if","locations":[{"start":{"line":38,"column":2},"end":{"line":38,"column":null}},{"start":{},"end":{}}],"line":38},"5":{"loc":{"start":{"line":45,"column":9},"end":{"line":45,"column":null}},"type":"cond-expr","locations":[{"start":{"line":45,"column":20},"end":{"line":45,"column":41}},{"start":{"line":45,"column":41},"end":{"line":45,"column":null}}],"line":45},"6":{"loc":{"start":{"line":49,"column":2},"end":{"line":49,"column":null}},"type":"if","locations":[{"start":{"line":49,"column":2},"end":{"line":49,"column":null}},{"start":{},"end":{}}],"line":49},"7":{"loc":{"start":{"line":50,"column":9},"end":{"line":50,"column":null}},"type":"binary-expr","locations":[{"start":{"line":50,"column":9},"end":{"line":50,"column":24}},{"start":{"line":50,"column":24},"end":{"line":50,"column":null}}],"line":50},"8":{"loc":{"start":{"line":53,"column":54},"end":{"line":53,"column":78}},"type":"default-arg","locations":[{"start":{"line":53,"column":67},"end":{"line":53,"column":78}}],"line":53},"9":{"loc":{"start":{"line":54,"column":2},"end":{"line":54,"column":null}},"type":"if","locations":[{"start":{"line":54,"column":2},"end":{"line":54,"column":null}},{"start":{},"end":{}}],"line":54},"10":{"loc":{"start":{"line":56,"column":9},"end":{"line":56,"column":null}},"type":"cond-expr","locations":[{"start":{"line":56,"column":27},"end":{"line":56,"column":40}},{"start":{"line":56,"column":40},"end":{"line":56,"column":null}}],"line":56}},"s":{"0":4,"1":4,"2":15,"3":568,"4":568,"5":5021,"6":5021,"7":20075,"8":15522,"9":5021,"10":60,"11":60,"12":16,"13":44,"14":13,"15":31,"16":0,"17":0,"18":181,"19":0,"20":181,"21":1239,"22":0,"23":1239,"24":1239},"f":{"0":15,"1":568,"2":5021,"3":60,"4":0,"5":181,"6":1239},"b":{"0":[568,0],"1":[15522,4553],"2":[16,44],"3":[60,44],"4":[13,31],"5":[0,0],"6":[0,181],"7":[181,181],"8":[1239],"9":[0,1239],"10":[0,1239]},"meta":{"lastBranch":11,"lastFunction":7,"lastStatement":25,"seen":{"s:3:20:3:Infinity":0,"s:5:15:11:Infinity":1,"f:13:16:13:25":0,"s:14:2:14:Infinity":2,"f:18:16:18:24":1,"s:19:14:19:Infinity":3,"s:20:2:20:Infinity":4,"b:20:29:20:43:20:43:20:Infinity":0,"f:24:16:24:25":2,"s:25:41:25:Infinity":5,"s:26:2:30:Infinity":6,"b:27:4:29:Infinity:undefined:undefined:undefined:undefined":1,"s:27:4:29:Infinity":7,"s:28:6:28:Infinity":8,"s:31:2:31:Infinity":9,"f:35:16:35:28":3,"s:36:14:36:Infinity":10,"b:37:2:37:Infinity:undefined:undefined:undefined:undefined":2,"s:37:2:37:Infinity":11,"b:37:6:37:27:37:27:37:41":3,"s:37:41:37:Infinity":12,"b:38:2:38:Infinity:undefined:undefined:undefined:undefined":4,"s:38:2:38:Infinity":13,"s:38:26:38:Infinity":14,"s:39:2:39:Infinity":15,"f:43:16:43:26":4,"s:44:14:44:Infinity":16,"s:45:2:45:Infinity":17,"b:45:20:45:41:45:41:45:Infinity":5,"f:48:16:48:26":5,"b:49:2:49:Infinity:undefined:undefined:undefined:undefined":6,"s:49:2:49:Infinity":18,"s:49:25:49:Infinity":19,"s:50:2:50:Infinity":20,"b:50:9:50:24:50:24:50:Infinity":7,"f:53:16:53:29":6,"b:53:67:53:78":8,"b:54:2:54:Infinity:undefined:undefined:undefined:undefined":9,"s:54:2:54:Infinity":21,"s:54:25:54:Infinity":22,"s:55:12:55:Infinity":23,"s:56:2:56:Infinity":24,"b:56:27:56:40:56:40:56:Infinity":10}}}
}
